[0.437s] DEBUG:colcon:Command line arguments: ['/usr/bin/colcon', 'build', '--symlink-install']
[0.437s] DEBUG:colcon:Parsed command line arguments: Namespace(log_base=None, log_level=None, verb_name='build', build_base='build', install_base='install', merge_install=False, symlink_install=True, test_result_base=None, continue_on_error=False, executor='parallel', parallel_workers=16, event_handlers=None, ignore_user_meta=False, metas=['./colcon.meta'], base_paths=['.'], packages_ignore=None, packages_ignore_regex=None, paths=None, packages_up_to=None, packages_up_to_regex=None, packages_above=None, packages_above_and_dependencies=None, packages_above_depth=None, packages_select_by_dep=None, packages_skip_by_dep=None, packages_skip_up_to=None, packages_select_build_failed=False, packages_skip_build_finished=False, packages_select_test_failures=False, packages_skip_test_passed=False, packages_select=None, packages_skip=None, packages_select_regex=None, packages_skip_regex=None, packages_start=None, packages_end=None, allow_overriding=[], cmake_args=None, cmake_target=None, cmake_target_skip_unavailable=False, cmake_clean_cache=False, cmake_clean_first=False, cmake_force_configure=False, ament_cmake_args=None, catkin_cmake_args=None, catkin_skip_building_tests=False, verb_parser=<colcon_defaults.argument_parser.defaults.DefaultArgumentsDecorator object at 0x7f7f886a86d0>, verb_extension=<colcon_core.verb.build.BuildVerb object at 0x7f7f88671c00>, main=<bound method BuildVerb.main of <colcon_core.verb.build.BuildVerb object at 0x7f7f88671c00>>)
[0.459s] Level 1:colcon.colcon_core.package_discovery:discover_packages(colcon_meta) check parameters
[0.459s] Level 1:colcon.colcon_core.package_discovery:discover_packages(recursive) check parameters
[0.459s] Level 1:colcon.colcon_core.package_discovery:discover_packages(ignore) check parameters
[0.459s] Level 1:colcon.colcon_core.package_discovery:discover_packages(path) check parameters
[0.459s] Level 1:colcon.colcon_core.package_discovery:discover_packages(colcon_meta) discover
[0.459s] Level 1:colcon.colcon_core.package_discovery:discover_packages(recursive) discover
[0.459s] INFO:colcon.colcon_core.package_discovery:Crawling recursively for packages in '/home/rm/livox_ros_driver2_humble/src'
[0.459s] Level 1:colcon.colcon_core.package_identification:_identify(.) by extensions ['ignore', 'ignore_ament_install']
[0.459s] Level 1:colcon.colcon_core.package_identification:_identify(.) by extension 'ignore'
[0.459s] Level 1:colcon.colcon_core.package_identification:_identify(.) by extension 'ignore_ament_install'
[0.459s] Level 1:colcon.colcon_core.package_identification:_identify(.) by extensions ['colcon_pkg']
[0.459s] Level 1:colcon.colcon_core.package_identification:_identify(.) by extension 'colcon_pkg'
[0.459s] Level 1:colcon.colcon_core.package_identification:_identify(.) by extensions ['colcon_meta']
[0.459s] Level 1:colcon.colcon_core.package_identification:_identify(.) by extension 'colcon_meta'
[0.459s] Level 1:colcon.colcon_core.package_identification:_identify(.) by extensions ['ros']
[0.459s] Level 1:colcon.colcon_core.package_identification:_identify(.) by extension 'ros'
[0.468s] DEBUG:colcon.colcon_core.package_identification:Package '.' with type 'ros.ament_cmake' and name 'livox_ros_driver2'
[0.468s] Level 1:colcon.colcon_core.package_discovery:discover_packages(recursive) using defaults
[0.468s] Level 1:colcon.colcon_core.package_discovery:discover_packages(ignore) discover
[0.468s] Level 1:colcon.colcon_core.package_discovery:discover_packages(ignore) using defaults
[0.468s] Level 1:colcon.colcon_core.package_discovery:discover_packages(path) discover
[0.468s] Level 1:colcon.colcon_core.package_discovery:discover_packages(path) using defaults
[0.509s] Level 1:colcon.colcon_core.package_discovery:discover_packages(prefix_path) check parameters
[0.509s] Level 1:colcon.colcon_core.package_discovery:discover_packages(prefix_path) discover
[0.521s] DEBUG:colcon.colcon_installed_package_information.package_discovery:Found 1 installed packages in /home/rm/livox_ros_driver2_humble/install
[0.528s] DEBUG:colcon.colcon_installed_package_information.package_discovery:Found 372 installed packages in /opt/ros/humble
[0.529s] Level 1:colcon.colcon_core.package_discovery:discover_packages(prefix_path) using defaults
[0.578s] Level 5:colcon.colcon_core.verb:set package 'livox_ros_driver2' build argument 'cmake_args' from command line to 'None'
[0.578s] Level 5:colcon.colcon_core.verb:set package 'livox_ros_driver2' build argument 'cmake_target' from command line to 'None'
[0.578s] Level 5:colcon.colcon_core.verb:set package 'livox_ros_driver2' build argument 'cmake_target_skip_unavailable' from command line to 'False'
[0.578s] Level 5:colcon.colcon_core.verb:set package 'livox_ros_driver2' build argument 'cmake_clean_cache' from command line to 'False'
[0.578s] Level 5:colcon.colcon_core.verb:set package 'livox_ros_driver2' build argument 'cmake_clean_first' from command line to 'False'
[0.578s] Level 5:colcon.colcon_core.verb:set package 'livox_ros_driver2' build argument 'cmake_force_configure' from command line to 'False'
[0.578s] Level 5:colcon.colcon_core.verb:set package 'livox_ros_driver2' build argument 'ament_cmake_args' from command line to 'None'
[0.578s] Level 5:colcon.colcon_core.verb:set package 'livox_ros_driver2' build argument 'catkin_cmake_args' from command line to 'None'
[0.578s] Level 5:colcon.colcon_core.verb:set package 'livox_ros_driver2' build argument 'catkin_skip_building_tests' from command line to 'False'
[0.578s] DEBUG:colcon.colcon_core.verb:Building package 'livox_ros_driver2' with the following arguments: {'ament_cmake_args': None, 'build_base': '/home/rm/livox_ros_driver2_humble/src/build/livox_ros_driver2', 'catkin_cmake_args': None, 'catkin_skip_building_tests': False, 'cmake_args': None, 'cmake_clean_cache': False, 'cmake_clean_first': False, 'cmake_force_configure': False, 'cmake_target': None, 'cmake_target_skip_unavailable': False, 'install_base': '/home/rm/livox_ros_driver2_humble/src/install/livox_ros_driver2', 'merge_install': False, 'path': '/home/rm/livox_ros_driver2_humble/src', 'symlink_install': True, 'test_result_base': None}
[0.584s] INFO:colcon.colcon_core.executor:Executing jobs using 'parallel' executor
[0.591s] DEBUG:colcon.colcon_parallel_executor.executor.parallel:run_until_complete
[0.591s] INFO:colcon.colcon_ros.task.ament_cmake.build:Building ROS package in '/home/rm/livox_ros_driver2_humble/src' with build type 'ament_cmake'
[0.591s] INFO:colcon.colcon_cmake.task.cmake.build:Building CMake package in '/home/rm/livox_ros_driver2_humble/src'
[0.598s] INFO:colcon.colcon_core.plugin_system:Skipping extension 'colcon_core.shell.bat': Not used on non-Windows systems
[0.598s] INFO:colcon.colcon_core.shell:Skip shell extension 'powershell' for command environment: Not usable outside of PowerShell
[0.598s] DEBUG:colcon.colcon_core.shell:Skip shell extension 'dsv' for command environment
[0.622s] DEBUG:colcon.colcon_core.event_handler.log_command:Invoking command in '/home/rm/livox_ros_driver2_humble/src/build/livox_ros_driver2': CMAKE_PREFIX_PATH=${CMAKE_PREFIX_PATH}:/opt/ros/humble /usr/bin/cmake --build /home/rm/livox_ros_driver2_humble/src/build/livox_ros_driver2 -- -j16 -l16
[0.829s] DEBUG:colcon.colcon_core.event_handler.log_command:Invoked command in '/home/rm/livox_ros_driver2_humble/src/build/livox_ros_driver2' returned '0': CMAKE_PREFIX_PATH=${CMAKE_PREFIX_PATH}:/opt/ros/humble /usr/bin/cmake --build /home/rm/livox_ros_driver2_humble/src/build/livox_ros_driver2 -- -j16 -l16
[0.894s] DEBUG:colcon.colcon_core.event_handler.log_command:Invoking command in '/home/rm/livox_ros_driver2_humble/src/build/livox_ros_driver2': CMAKE_PREFIX_PATH=${CMAKE_PREFIX_PATH}:/opt/ros/humble /usr/bin/cmake --install /home/rm/livox_ros_driver2_humble/src/build/livox_ros_driver2
[0.937s] Level 1:colcon.colcon_core.environment:create_environment_scripts_only(livox_ros_driver2)
[0.938s] DEBUG:colcon.colcon_core.event_handler.log_command:Invoked command in '/home/rm/livox_ros_driver2_humble/src/build/livox_ros_driver2' returned '0': CMAKE_PREFIX_PATH=${CMAKE_PREFIX_PATH}:/opt/ros/humble /usr/bin/cmake --install /home/rm/livox_ros_driver2_humble/src/build/livox_ros_driver2
[0.945s] Level 1:colcon.colcon_core.environment:checking '/home/rm/livox_ros_driver2_humble/src/install/livox_ros_driver2' for CMake module files
[0.945s] Level 1:colcon.colcon_core.environment:checking '/home/rm/livox_ros_driver2_humble/src/install/livox_ros_driver2' for CMake config files
[0.946s] Level 1:colcon.colcon_core.shell:create_environment_hook('livox_ros_driver2', 'cmake_prefix_path')
[0.952s] INFO:colcon.colcon_core.shell:Creating environment hook '/home/rm/livox_ros_driver2_humble/src/install/livox_ros_driver2/share/livox_ros_driver2/hook/cmake_prefix_path.ps1'
[0.953s] INFO:colcon.colcon_core.shell:Creating environment descriptor '/home/rm/livox_ros_driver2_humble/src/install/livox_ros_driver2/share/livox_ros_driver2/hook/cmake_prefix_path.dsv'
[0.953s] INFO:colcon.colcon_core.shell:Creating environment hook '/home/rm/livox_ros_driver2_humble/src/install/livox_ros_driver2/share/livox_ros_driver2/hook/cmake_prefix_path.sh'
[0.953s] Level 1:colcon.colcon_core.environment:checking '/home/rm/livox_ros_driver2_humble/src/install/livox_ros_driver2/lib'
[0.953s] Level 1:colcon.colcon_core.shell:create_environment_hook('livox_ros_driver2', 'ld_library_path_lib')
[0.960s] INFO:colcon.colcon_core.shell:Creating environment hook '/home/rm/livox_ros_driver2_humble/src/install/livox_ros_driver2/share/livox_ros_driver2/hook/ld_library_path_lib.ps1'
[0.960s] INFO:colcon.colcon_core.shell:Creating environment descriptor '/home/rm/livox_ros_driver2_humble/src/install/livox_ros_driver2/share/livox_ros_driver2/hook/ld_library_path_lib.dsv'
[0.960s] INFO:colcon.colcon_core.shell:Creating environment hook '/home/rm/livox_ros_driver2_humble/src/install/livox_ros_driver2/share/livox_ros_driver2/hook/ld_library_path_lib.sh'
[0.960s] Level 1:colcon.colcon_core.environment:checking '/home/rm/livox_ros_driver2_humble/src/install/livox_ros_driver2/bin'
[0.960s] Level 1:colcon.colcon_core.environment:checking '/home/rm/livox_ros_driver2_humble/src/install/livox_ros_driver2/lib/pkgconfig/livox_ros_driver2.pc'
[0.960s] Level 1:colcon.colcon_core.environment:checking '/home/rm/livox_ros_driver2_humble/src/install/livox_ros_driver2/lib/python3.10/site-packages'
[0.961s] Level 1:colcon.colcon_core.environment:checking '/home/rm/livox_ros_driver2_humble/src/install/livox_ros_driver2/bin'
[0.974s] INFO:colcon.colcon_core.shell:Creating package script '/home/rm/livox_ros_driver2_humble/src/install/livox_ros_driver2/share/livox_ros_driver2/package.ps1'
[0.974s] INFO:colcon.colcon_core.shell:Creating package descriptor '/home/rm/livox_ros_driver2_humble/src/install/livox_ros_driver2/share/livox_ros_driver2/package.dsv'
[0.975s] INFO:colcon.colcon_core.shell:Creating package script '/home/rm/livox_ros_driver2_humble/src/install/livox_ros_driver2/share/livox_ros_driver2/package.sh'
[0.975s] INFO:colcon.colcon_core.shell:Creating package script '/home/rm/livox_ros_driver2_humble/src/install/livox_ros_driver2/share/livox_ros_driver2/package.bash'
[0.975s] INFO:colcon.colcon_core.shell:Creating package script '/home/rm/livox_ros_driver2_humble/src/install/livox_ros_driver2/share/livox_ros_driver2/package.zsh'
[0.976s] Level 1:colcon.colcon_core.environment:create_file_with_runtime_dependencies(/home/rm/livox_ros_driver2_humble/src/install/livox_ros_driver2/share/colcon-core/packages/livox_ros_driver2)
[1.045s] Level 1:colcon.colcon_core.environment:create_environment_scripts_only(livox_ros_driver2)
[1.052s] Level 1:colcon.colcon_core.environment:checking '/home/rm/livox_ros_driver2_humble/src/install/livox_ros_driver2' for CMake module files
[1.052s] Level 1:colcon.colcon_core.environment:checking '/home/rm/livox_ros_driver2_humble/src/install/livox_ros_driver2' for CMake config files
[1.053s] Level 1:colcon.colcon_core.shell:create_environment_hook('livox_ros_driver2', 'cmake_prefix_path')
[1.059s] INFO:colcon.colcon_core.shell:Creating environment hook '/home/rm/livox_ros_driver2_humble/src/install/livox_ros_driver2/share/livox_ros_driver2/hook/cmake_prefix_path.ps1'
[1.059s] INFO:colcon.colcon_core.shell:Creating environment descriptor '/home/rm/livox_ros_driver2_humble/src/install/livox_ros_driver2/share/livox_ros_driver2/hook/cmake_prefix_path.dsv'
[1.059s] INFO:colcon.colcon_core.shell:Creating environment hook '/home/rm/livox_ros_driver2_humble/src/install/livox_ros_driver2/share/livox_ros_driver2/hook/cmake_prefix_path.sh'
[1.060s] Level 1:colcon.colcon_core.environment:checking '/home/rm/livox_ros_driver2_humble/src/install/livox_ros_driver2/lib'
[1.060s] Level 1:colcon.colcon_core.shell:create_environment_hook('livox_ros_driver2', 'ld_library_path_lib')
[1.066s] INFO:colcon.colcon_core.shell:Creating environment hook '/home/rm/livox_ros_driver2_humble/src/install/livox_ros_driver2/share/livox_ros_driver2/hook/ld_library_path_lib.ps1'
[1.066s] INFO:colcon.colcon_core.shell:Creating environment descriptor '/home/rm/livox_ros_driver2_humble/src/install/livox_ros_driver2/share/livox_ros_driver2/hook/ld_library_path_lib.dsv'
[1.066s] INFO:colcon.colcon_core.shell:Creating environment hook '/home/rm/livox_ros_driver2_humble/src/install/livox_ros_driver2/share/livox_ros_driver2/hook/ld_library_path_lib.sh'
[1.066s] Level 1:colcon.colcon_core.environment:checking '/home/rm/livox_ros_driver2_humble/src/install/livox_ros_driver2/bin'
[1.066s] Level 1:colcon.colcon_core.environment:checking '/home/rm/livox_ros_driver2_humble/src/install/livox_ros_driver2/lib/pkgconfig/livox_ros_driver2.pc'
[1.067s] Level 1:colcon.colcon_core.environment:checking '/home/rm/livox_ros_driver2_humble/src/install/livox_ros_driver2/lib/python3.10/site-packages'
[1.067s] Level 1:colcon.colcon_core.environment:checking '/home/rm/livox_ros_driver2_humble/src/install/livox_ros_driver2/bin'
[1.073s] INFO:colcon.colcon_core.shell:Creating package script '/home/rm/livox_ros_driver2_humble/src/install/livox_ros_driver2/share/livox_ros_driver2/package.ps1'
[1.073s] INFO:colcon.colcon_core.shell:Creating package descriptor '/home/rm/livox_ros_driver2_humble/src/install/livox_ros_driver2/share/livox_ros_driver2/package.dsv'
[1.073s] INFO:colcon.colcon_core.shell:Creating package script '/home/rm/livox_ros_driver2_humble/src/install/livox_ros_driver2/share/livox_ros_driver2/package.sh'
[1.074s] INFO:colcon.colcon_core.shell:Creating package script '/home/rm/livox_ros_driver2_humble/src/install/livox_ros_driver2/share/livox_ros_driver2/package.bash'
[1.074s] INFO:colcon.colcon_core.shell:Creating package script '/home/rm/livox_ros_driver2_humble/src/install/livox_ros_driver2/share/livox_ros_driver2/package.zsh'
[1.074s] Level 1:colcon.colcon_core.environment:create_file_with_runtime_dependencies(/home/rm/livox_ros_driver2_humble/src/install/livox_ros_driver2/share/colcon-core/packages/livox_ros_driver2)
[1.074s] DEBUG:colcon.colcon_parallel_executor.executor.parallel:closing loop
[1.074s] DEBUG:colcon.colcon_parallel_executor.executor.parallel:loop closed
[1.074s] DEBUG:colcon.colcon_parallel_executor.executor.parallel:run_until_complete finished with '0'
[1.074s] DEBUG:colcon.colcon_core.event_reactor:joining thread
[1.084s] INFO:colcon.colcon_core.plugin_system:Skipping extension 'colcon_notification.desktop_notification.terminal_notifier': Not used on non-Darwin systems
[1.084s] INFO:colcon.colcon_core.plugin_system:Skipping extension 'colcon_notification.desktop_notification.win32': Not used on non-Windows systems
[1.084s] INFO:colcon.colcon_notification.desktop_notification:Sending desktop notification using 'notify2'
[1.095s] DEBUG:colcon.colcon_core.event_reactor:joined thread
[1.102s] INFO:colcon.colcon_core.shell:Creating prefix script '/home/rm/livox_ros_driver2_humble/src/install/local_setup.ps1'
[1.103s] INFO:colcon.colcon_core.shell:Creating prefix util module '/home/rm/livox_ros_driver2_humble/src/install/_local_setup_util_ps1.py'
[1.103s] INFO:colcon.colcon_core.shell:Creating prefix chain script '/home/rm/livox_ros_driver2_humble/src/install/setup.ps1'
[1.110s] INFO:colcon.colcon_core.shell:Creating prefix script '/home/rm/livox_ros_driver2_humble/src/install/local_setup.sh'
[1.111s] INFO:colcon.colcon_core.shell:Creating prefix util module '/home/rm/livox_ros_driver2_humble/src/install/_local_setup_util_sh.py'
[1.111s] INFO:colcon.colcon_core.shell:Creating prefix chain script '/home/rm/livox_ros_driver2_humble/src/install/setup.sh'
[1.118s] INFO:colcon.colcon_core.shell:Creating prefix script '/home/rm/livox_ros_driver2_humble/src/install/local_setup.bash'
[1.118s] INFO:colcon.colcon_core.shell:Creating prefix chain script '/home/rm/livox_ros_driver2_humble/src/install/setup.bash'
[1.124s] INFO:colcon.colcon_core.shell:Creating prefix script '/home/rm/livox_ros_driver2_humble/src/install/local_setup.zsh'
[1.125s] INFO:colcon.colcon_core.shell:Creating prefix chain script '/home/rm/livox_ros_driver2_humble/src/install/setup.zsh'
