[0.440s] DEBUG:colcon:Command line arguments: ['/usr/bin/colcon', 'build', '--symlink-install']
[0.440s] DEBUG:colcon:Parsed command line arguments: Namespace(log_base=None, log_level=None, verb_name='build', build_base='build', install_base='install', merge_install=False, symlink_install=True, test_result_base=None, continue_on_error=False, executor='parallel', parallel_workers=16, event_handlers=None, ignore_user_meta=False, metas=['./colcon.meta'], base_paths=['.'], packages_ignore=None, packages_ignore_regex=None, paths=None, packages_up_to=None, packages_up_to_regex=None, packages_above=None, packages_above_and_dependencies=None, packages_above_depth=None, packages_select_by_dep=None, packages_skip_by_dep=None, packages_skip_up_to=None, packages_select_build_failed=False, packages_skip_build_finished=False, packages_select_test_failures=False, packages_skip_test_passed=False, packages_select=None, packages_skip=None, packages_select_regex=None, packages_skip_regex=None, packages_start=None, packages_end=None, allow_overriding=[], cmake_args=None, cmake_target=None, cmake_target_skip_unavailable=False, cmake_clean_cache=False, cmake_clean_first=False, cmake_force_configure=False, ament_cmake_args=None, catkin_cmake_args=None, catkin_skip_building_tests=False, verb_parser=<colcon_defaults.argument_parser.defaults.DefaultArgumentsDecorator object at 0x7fe0ce218580>, verb_extension=<colcon_core.verb.build.BuildVerb object at 0x7fe0ce1df970>, main=<bound method BuildVerb.main of <colcon_core.verb.build.BuildVerb object at 0x7fe0ce1df970>>)
[0.462s] Level 1:colcon.colcon_core.package_discovery:discover_packages(colcon_meta) check parameters
[0.462s] Level 1:colcon.colcon_core.package_discovery:discover_packages(recursive) check parameters
[0.462s] Level 1:colcon.colcon_core.package_discovery:discover_packages(ignore) check parameters
[0.462s] Level 1:colcon.colcon_core.package_discovery:discover_packages(path) check parameters
[0.462s] Level 1:colcon.colcon_core.package_discovery:discover_packages(colcon_meta) discover
[0.463s] Level 1:colcon.colcon_core.package_discovery:discover_packages(recursive) discover
[0.463s] INFO:colcon.colcon_core.package_discovery:Crawling recursively for packages in '/home/rm/livox_ros_driver2_humble/src'
[0.463s] Level 1:colcon.colcon_core.package_identification:_identify(.) by extensions ['ignore', 'ignore_ament_install']
[0.463s] Level 1:colcon.colcon_core.package_identification:_identify(.) by extension 'ignore'
[0.463s] Level 1:colcon.colcon_core.package_identification:_identify(.) by extension 'ignore_ament_install'
[0.463s] Level 1:colcon.colcon_core.package_identification:_identify(.) by extensions ['colcon_pkg']
[0.463s] Level 1:colcon.colcon_core.package_identification:_identify(.) by extension 'colcon_pkg'
[0.463s] Level 1:colcon.colcon_core.package_identification:_identify(.) by extensions ['colcon_meta']
[0.463s] Level 1:colcon.colcon_core.package_identification:_identify(.) by extension 'colcon_meta'
[0.463s] Level 1:colcon.colcon_core.package_identification:_identify(.) by extensions ['ros']
[0.463s] Level 1:colcon.colcon_core.package_identification:_identify(.) by extension 'ros'
[0.471s] DEBUG:colcon.colcon_core.package_identification:Package '.' with type 'ros.ament_cmake' and name 'livox_ros_driver2'
[0.471s] Level 1:colcon.colcon_core.package_discovery:discover_packages(recursive) using defaults
[0.471s] Level 1:colcon.colcon_core.package_discovery:discover_packages(ignore) discover
[0.471s] Level 1:colcon.colcon_core.package_discovery:discover_packages(ignore) using defaults
[0.471s] Level 1:colcon.colcon_core.package_discovery:discover_packages(path) discover
[0.471s] Level 1:colcon.colcon_core.package_discovery:discover_packages(path) using defaults
[0.512s] Level 1:colcon.colcon_core.package_discovery:discover_packages(prefix_path) check parameters
[0.512s] Level 1:colcon.colcon_core.package_discovery:discover_packages(prefix_path) discover
[0.525s] DEBUG:colcon.colcon_installed_package_information.package_discovery:Found 1 installed packages in /home/rm/livox_ros_driver2_humble/install
[0.532s] DEBUG:colcon.colcon_installed_package_information.package_discovery:Found 372 installed packages in /opt/ros/humble
[0.533s] Level 1:colcon.colcon_core.package_discovery:discover_packages(prefix_path) using defaults
[0.583s] Level 5:colcon.colcon_core.verb:set package 'livox_ros_driver2' build argument 'cmake_args' from command line to 'None'
[0.584s] Level 5:colcon.colcon_core.verb:set package 'livox_ros_driver2' build argument 'cmake_target' from command line to 'None'
[0.584s] Level 5:colcon.colcon_core.verb:set package 'livox_ros_driver2' build argument 'cmake_target_skip_unavailable' from command line to 'False'
[0.584s] Level 5:colcon.colcon_core.verb:set package 'livox_ros_driver2' build argument 'cmake_clean_cache' from command line to 'False'
[0.584s] Level 5:colcon.colcon_core.verb:set package 'livox_ros_driver2' build argument 'cmake_clean_first' from command line to 'False'
[0.584s] Level 5:colcon.colcon_core.verb:set package 'livox_ros_driver2' build argument 'cmake_force_configure' from command line to 'False'
[0.584s] Level 5:colcon.colcon_core.verb:set package 'livox_ros_driver2' build argument 'ament_cmake_args' from command line to 'None'
[0.584s] Level 5:colcon.colcon_core.verb:set package 'livox_ros_driver2' build argument 'catkin_cmake_args' from command line to 'None'
[0.584s] Level 5:colcon.colcon_core.verb:set package 'livox_ros_driver2' build argument 'catkin_skip_building_tests' from command line to 'False'
[0.584s] DEBUG:colcon.colcon_core.verb:Building package 'livox_ros_driver2' with the following arguments: {'ament_cmake_args': None, 'build_base': '/home/rm/livox_ros_driver2_humble/src/build/livox_ros_driver2', 'catkin_cmake_args': None, 'catkin_skip_building_tests': False, 'cmake_args': None, 'cmake_clean_cache': False, 'cmake_clean_first': False, 'cmake_force_configure': False, 'cmake_target': None, 'cmake_target_skip_unavailable': False, 'install_base': '/home/rm/livox_ros_driver2_humble/src/install/livox_ros_driver2', 'merge_install': False, 'path': '/home/rm/livox_ros_driver2_humble/src', 'symlink_install': True, 'test_result_base': None}
[0.590s] INFO:colcon.colcon_core.executor:Executing jobs using 'parallel' executor
[0.596s] DEBUG:colcon.colcon_parallel_executor.executor.parallel:run_until_complete
[0.597s] INFO:colcon.colcon_ros.task.ament_cmake.build:Building ROS package in '/home/rm/livox_ros_driver2_humble/src' with build type 'ament_cmake'
[0.597s] INFO:colcon.colcon_cmake.task.cmake.build:Building CMake package in '/home/rm/livox_ros_driver2_humble/src'
[0.604s] INFO:colcon.colcon_core.plugin_system:Skipping extension 'colcon_core.shell.bat': Not used on non-Windows systems
[0.604s] INFO:colcon.colcon_core.shell:Skip shell extension 'powershell' for command environment: Not usable outside of PowerShell
[0.604s] DEBUG:colcon.colcon_core.shell:Skip shell extension 'dsv' for command environment
[0.627s] DEBUG:colcon.colcon_core.event_handler.log_command:Invoking command in '/home/rm/livox_ros_driver2_humble/src/build/livox_ros_driver2': CMAKE_PREFIX_PATH=${CMAKE_PREFIX_PATH}:/opt/ros/humble /usr/bin/cmake /home/rm/livox_ros_driver2_humble/src -DAMENT_CMAKE_SYMLINK_INSTALL=1 -DCMAKE_INSTALL_PREFIX=/home/rm/livox_ros_driver2_humble/src/install/livox_ros_driver2
[3.298s] DEBUG:colcon.colcon_core.event_handler.log_command:Invoked command in '/home/rm/livox_ros_driver2_humble/src/build/livox_ros_driver2' returned '0': CMAKE_PREFIX_PATH=${CMAKE_PREFIX_PATH}:/opt/ros/humble /usr/bin/cmake /home/rm/livox_ros_driver2_humble/src -DAMENT_CMAKE_SYMLINK_INSTALL=1 -DCMAKE_INSTALL_PREFIX=/home/rm/livox_ros_driver2_humble/src/install/livox_ros_driver2
[3.300s] DEBUG:colcon.colcon_core.event_handler.log_command:Invoking command in '/home/rm/livox_ros_driver2_humble/src/build/livox_ros_driver2': CMAKE_PREFIX_PATH=${CMAKE_PREFIX_PATH}:/opt/ros/humble /usr/bin/cmake --build /home/rm/livox_ros_driver2_humble/src/build/livox_ros_driver2 -- -j16 -l16
[11.163s] DEBUG:colcon.colcon_core.event_handler.log_command:Invoked command in '/home/rm/livox_ros_driver2_humble/src/build/livox_ros_driver2' returned '0': CMAKE_PREFIX_PATH=${CMAKE_PREFIX_PATH}:/opt/ros/humble /usr/bin/cmake --build /home/rm/livox_ros_driver2_humble/src/build/livox_ros_driver2 -- -j16 -l16
[11.236s] DEBUG:colcon.colcon_core.event_handler.log_command:Invoking command in '/home/rm/livox_ros_driver2_humble/src/build/livox_ros_driver2': CMAKE_PREFIX_PATH=${CMAKE_PREFIX_PATH}:/opt/ros/humble /usr/bin/cmake --install /home/rm/livox_ros_driver2_humble/src/build/livox_ros_driver2
[11.701s] Level 1:colcon.colcon_core.environment:create_environment_scripts_only(livox_ros_driver2)
[11.702s] DEBUG:colcon.colcon_core.event_handler.log_command:Invoked command in '/home/rm/livox_ros_driver2_humble/src/build/livox_ros_driver2' returned '0': CMAKE_PREFIX_PATH=${CMAKE_PREFIX_PATH}:/opt/ros/humble /usr/bin/cmake --install /home/rm/livox_ros_driver2_humble/src/build/livox_ros_driver2
[11.710s] Level 1:colcon.colcon_core.environment:checking '/home/rm/livox_ros_driver2_humble/src/install/livox_ros_driver2' for CMake module files
[11.710s] Level 1:colcon.colcon_core.environment:checking '/home/rm/livox_ros_driver2_humble/src/install/livox_ros_driver2' for CMake config files
[11.717s] Level 1:colcon.colcon_core.shell:create_environment_hook('livox_ros_driver2', 'cmake_prefix_path')
[11.723s] INFO:colcon.colcon_core.shell:Creating environment hook '/home/rm/livox_ros_driver2_humble/src/install/livox_ros_driver2/share/livox_ros_driver2/hook/cmake_prefix_path.ps1'
[11.724s] INFO:colcon.colcon_core.shell:Creating environment descriptor '/home/rm/livox_ros_driver2_humble/src/install/livox_ros_driver2/share/livox_ros_driver2/hook/cmake_prefix_path.dsv'
[11.724s] INFO:colcon.colcon_core.shell:Creating environment hook '/home/rm/livox_ros_driver2_humble/src/install/livox_ros_driver2/share/livox_ros_driver2/hook/cmake_prefix_path.sh'
[11.724s] Level 1:colcon.colcon_core.environment:checking '/home/rm/livox_ros_driver2_humble/src/install/livox_ros_driver2/lib'
[11.724s] Level 1:colcon.colcon_core.shell:create_environment_hook('livox_ros_driver2', 'ld_library_path_lib')
[11.731s] INFO:colcon.colcon_core.shell:Creating environment hook '/home/rm/livox_ros_driver2_humble/src/install/livox_ros_driver2/share/livox_ros_driver2/hook/ld_library_path_lib.ps1'
[11.731s] INFO:colcon.colcon_core.shell:Creating environment descriptor '/home/rm/livox_ros_driver2_humble/src/install/livox_ros_driver2/share/livox_ros_driver2/hook/ld_library_path_lib.dsv'
[11.731s] INFO:colcon.colcon_core.shell:Creating environment hook '/home/rm/livox_ros_driver2_humble/src/install/livox_ros_driver2/share/livox_ros_driver2/hook/ld_library_path_lib.sh'
[11.731s] Level 1:colcon.colcon_core.environment:checking '/home/rm/livox_ros_driver2_humble/src/install/livox_ros_driver2/bin'
[11.731s] Level 1:colcon.colcon_core.environment:checking '/home/rm/livox_ros_driver2_humble/src/install/livox_ros_driver2/lib/pkgconfig/livox_ros_driver2.pc'
[11.731s] Level 1:colcon.colcon_core.environment:checking '/home/rm/livox_ros_driver2_humble/src/install/livox_ros_driver2/lib/python3.10/site-packages'
[11.732s] Level 1:colcon.colcon_core.environment:checking '/home/rm/livox_ros_driver2_humble/src/install/livox_ros_driver2/bin'
[11.745s] INFO:colcon.colcon_core.shell:Creating package script '/home/rm/livox_ros_driver2_humble/src/install/livox_ros_driver2/share/livox_ros_driver2/package.ps1'
[11.745s] INFO:colcon.colcon_core.shell:Creating package descriptor '/home/rm/livox_ros_driver2_humble/src/install/livox_ros_driver2/share/livox_ros_driver2/package.dsv'
[11.746s] INFO:colcon.colcon_core.shell:Creating package script '/home/rm/livox_ros_driver2_humble/src/install/livox_ros_driver2/share/livox_ros_driver2/package.sh'
[11.746s] INFO:colcon.colcon_core.shell:Creating package script '/home/rm/livox_ros_driver2_humble/src/install/livox_ros_driver2/share/livox_ros_driver2/package.bash'
[11.746s] INFO:colcon.colcon_core.shell:Creating package script '/home/rm/livox_ros_driver2_humble/src/install/livox_ros_driver2/share/livox_ros_driver2/package.zsh'
[11.747s] Level 1:colcon.colcon_core.environment:create_file_with_runtime_dependencies(/home/rm/livox_ros_driver2_humble/src/install/livox_ros_driver2/share/colcon-core/packages/livox_ros_driver2)
[11.818s] Level 1:colcon.colcon_core.environment:create_environment_scripts_only(livox_ros_driver2)
[11.824s] Level 1:colcon.colcon_core.environment:checking '/home/rm/livox_ros_driver2_humble/src/install/livox_ros_driver2' for CMake module files
[11.825s] Level 1:colcon.colcon_core.environment:checking '/home/rm/livox_ros_driver2_humble/src/install/livox_ros_driver2' for CMake config files
[11.825s] Level 1:colcon.colcon_core.shell:create_environment_hook('livox_ros_driver2', 'cmake_prefix_path')
[11.832s] INFO:colcon.colcon_core.shell:Creating environment hook '/home/rm/livox_ros_driver2_humble/src/install/livox_ros_driver2/share/livox_ros_driver2/hook/cmake_prefix_path.ps1'
[11.832s] INFO:colcon.colcon_core.shell:Creating environment descriptor '/home/rm/livox_ros_driver2_humble/src/install/livox_ros_driver2/share/livox_ros_driver2/hook/cmake_prefix_path.dsv'
[11.832s] INFO:colcon.colcon_core.shell:Creating environment hook '/home/rm/livox_ros_driver2_humble/src/install/livox_ros_driver2/share/livox_ros_driver2/hook/cmake_prefix_path.sh'
[11.832s] Level 1:colcon.colcon_core.environment:checking '/home/rm/livox_ros_driver2_humble/src/install/livox_ros_driver2/lib'
[11.832s] Level 1:colcon.colcon_core.shell:create_environment_hook('livox_ros_driver2', 'ld_library_path_lib')
[11.839s] INFO:colcon.colcon_core.shell:Creating environment hook '/home/rm/livox_ros_driver2_humble/src/install/livox_ros_driver2/share/livox_ros_driver2/hook/ld_library_path_lib.ps1'
[11.839s] INFO:colcon.colcon_core.shell:Creating environment descriptor '/home/rm/livox_ros_driver2_humble/src/install/livox_ros_driver2/share/livox_ros_driver2/hook/ld_library_path_lib.dsv'
[11.839s] INFO:colcon.colcon_core.shell:Creating environment hook '/home/rm/livox_ros_driver2_humble/src/install/livox_ros_driver2/share/livox_ros_driver2/hook/ld_library_path_lib.sh'
[11.839s] Level 1:colcon.colcon_core.environment:checking '/home/rm/livox_ros_driver2_humble/src/install/livox_ros_driver2/bin'
[11.839s] Level 1:colcon.colcon_core.environment:checking '/home/rm/livox_ros_driver2_humble/src/install/livox_ros_driver2/lib/pkgconfig/livox_ros_driver2.pc'
[11.839s] Level 1:colcon.colcon_core.environment:checking '/home/rm/livox_ros_driver2_humble/src/install/livox_ros_driver2/lib/python3.10/site-packages'
[11.839s] Level 1:colcon.colcon_core.environment:checking '/home/rm/livox_ros_driver2_humble/src/install/livox_ros_driver2/bin'
[11.846s] INFO:colcon.colcon_core.shell:Creating package script '/home/rm/livox_ros_driver2_humble/src/install/livox_ros_driver2/share/livox_ros_driver2/package.ps1'
[11.846s] INFO:colcon.colcon_core.shell:Creating package descriptor '/home/rm/livox_ros_driver2_humble/src/install/livox_ros_driver2/share/livox_ros_driver2/package.dsv'
[11.846s] INFO:colcon.colcon_core.shell:Creating package script '/home/rm/livox_ros_driver2_humble/src/install/livox_ros_driver2/share/livox_ros_driver2/package.sh'
[11.846s] INFO:colcon.colcon_core.shell:Creating package script '/home/rm/livox_ros_driver2_humble/src/install/livox_ros_driver2/share/livox_ros_driver2/package.bash'
[11.846s] INFO:colcon.colcon_core.shell:Creating package script '/home/rm/livox_ros_driver2_humble/src/install/livox_ros_driver2/share/livox_ros_driver2/package.zsh'
[11.846s] Level 1:colcon.colcon_core.environment:create_file_with_runtime_dependencies(/home/rm/livox_ros_driver2_humble/src/install/livox_ros_driver2/share/colcon-core/packages/livox_ros_driver2)
[11.847s] DEBUG:colcon.colcon_parallel_executor.executor.parallel:closing loop
[11.847s] DEBUG:colcon.colcon_parallel_executor.executor.parallel:loop closed
[11.847s] DEBUG:colcon.colcon_parallel_executor.executor.parallel:run_until_complete finished with '0'
[11.847s] DEBUG:colcon.colcon_core.event_reactor:joining thread
[11.856s] INFO:colcon.colcon_core.plugin_system:Skipping extension 'colcon_notification.desktop_notification.terminal_notifier': Not used on non-Darwin systems
[11.856s] INFO:colcon.colcon_core.plugin_system:Skipping extension 'colcon_notification.desktop_notification.win32': Not used on non-Windows systems
[11.856s] INFO:colcon.colcon_notification.desktop_notification:Sending desktop notification using 'notify2'
[11.865s] DEBUG:colcon.colcon_core.event_reactor:joined thread
[11.872s] INFO:colcon.colcon_core.shell:Creating prefix script '/home/rm/livox_ros_driver2_humble/src/install/local_setup.ps1'
[11.873s] INFO:colcon.colcon_core.shell:Creating prefix util module '/home/rm/livox_ros_driver2_humble/src/install/_local_setup_util_ps1.py'
[11.873s] INFO:colcon.colcon_core.shell:Creating prefix chain script '/home/rm/livox_ros_driver2_humble/src/install/setup.ps1'
[11.880s] INFO:colcon.colcon_core.shell:Creating prefix script '/home/rm/livox_ros_driver2_humble/src/install/local_setup.sh'
[11.881s] INFO:colcon.colcon_core.shell:Creating prefix util module '/home/rm/livox_ros_driver2_humble/src/install/_local_setup_util_sh.py'
[11.881s] INFO:colcon.colcon_core.shell:Creating prefix chain script '/home/rm/livox_ros_driver2_humble/src/install/setup.sh'
[11.887s] INFO:colcon.colcon_core.shell:Creating prefix script '/home/rm/livox_ros_driver2_humble/src/install/local_setup.bash'
[11.888s] INFO:colcon.colcon_core.shell:Creating prefix chain script '/home/rm/livox_ros_driver2_humble/src/install/setup.bash'
[11.894s] INFO:colcon.colcon_core.shell:Creating prefix script '/home/rm/livox_ros_driver2_humble/src/install/local_setup.zsh'
[11.895s] INFO:colcon.colcon_core.shell:Creating prefix chain script '/home/rm/livox_ros_driver2_humble/src/install/setup.zsh'
