[0.030s] Invoking command in '/home/rm/livox_ros_driver2_humble/src/build/livox_ros_driver2': CMAKE_PREFIX_PATH=${CMAKE_PREFIX_PATH}:/opt/ros/humble /usr/bin/cmake /home/rm/livox_ros_driver2_humble/src -DAMENT_CMAKE_SYMLINK_INSTALL=1 -DCMAKE_INSTALL_PREFIX=/home/rm/livox_ros_driver2_humble/src/install/livox_ros_driver2
[0.080s] -- The C compiler identification is GNU 11.4.0
[0.113s] -- The CXX compiler identification is GNU 11.4.0
[0.117s] -- Detecting C compiler ABI info
[0.158s] -- Detecting C compiler ABI info - done
[0.162s] -- Check for working C compiler: /usr/bin/cc - skipped
[0.162s] -- Detecting C compile features
[0.163s] -- Detecting C compile features - done
[0.165s] -- Detecting CXX compiler ABI info
[0.210s] -- Detecting CXX compiler ABI info - done
[0.215s] -- Check for working CXX compiler: /usr/bin/c++ - skipped
[0.215s] -- Detecting CXX compile features
[0.215s] -- Detecting CXX compile features - done
[0.216s] -- livox_ros_driver2 version: 1.0.0
[0.217s] -- Found ament_cmake_auto: 1.3.6 (/opt/ros/humble/share/ament_cmake_auto/cmake)
[0.317s] -- Found Python3: /usr/bin/python3.10 (found version "3.10.12") found components: Interpreter 
[0.353s] -- Override CMake install command with custom implementation using symlinks instead of copying resources
[0.405s] -- Using all available rosidl_typesupport_c: rosidl_typesupport_fastrtps_c;rosidl_typesupport_introspection_c
[0.409s] -- Found rosidl_adapter: 3.1.5 (/opt/ros/humble/share/rosidl_adapter/cmake)
[0.432s] -- Using all available rosidl_typesupport_cpp: rosidl_typesupport_fastrtps_cpp;rosidl_typesupport_introspection_cpp
[0.498s] -- Found rmw_implementation_cmake: 6.1.1 (/opt/ros/humble/share/rmw_implementation_cmake/cmake)
[0.500s] -- Found rmw_fastrtps_cpp: 6.2.5 (/opt/ros/humble/share/rmw_fastrtps_cpp/cmake)
[0.554s] -- Found OpenSSL: /usr/lib/x86_64-linux-gnu/libcrypto.so (found version "3.0.2")  
[0.570s] -- Found FastRTPS: /opt/ros/humble/include  
[0.597s] -- Using RMW implementation 'rmw_fastrtps_cpp' as default
[0.603s] -- Looking for pthread.h
[0.646s] -- Looking for pthread.h - found
[0.646s] -- Performing Test CMAKE_HAVE_LIBC_PTHREAD
[0.689s] -- Performing Test CMAKE_HAVE_LIBC_PTHREAD - Success
[0.689s] -- Found Threads: TRUE  
[1.001s] -- Checking for module 'eigen3'
[1.007s] --   Found eigen3, version 3.4.0
[1.024s] -- Found Eigen: /usr/include/eigen3 (Required is at least version "3.1") 
[1.024s] -- Eigen found (include: /usr/include/eigen3, version: 3.4.0)
[1.036s] -- Found Boost: /usr/lib/x86_64-linux-gnu/cmake/Boost-1.74.0/BoostConfig.cmake (found suitable version "1.74.0", minimum required is "1.65.0") found components: system filesystem date_time iostreams serialization 
[1.045s] -- Checking for module 'flann'
[1.052s] --   Found flann, version 1.9.1
[1.072s] -- Found FLANN: /usr/lib/x86_64-linux-gnu/libflann_cpp.so  
[1.072s] -- FLANN found (include: /usr/include, lib: /usr/lib/x86_64-linux-gnu/libflann_cpp.so)
[1.094s] -- Found GLEW: /usr/lib/x86_64-linux-gnu/libGLEW.so  
[1.097s] -- Found OpenGL: /usr/lib/x86_64-linux-gnu/libOpenGL.so  found components: OpenGL GLX 
[1.179s] -- Found MPI_C: /usr/lib/x86_64-linux-gnu/libmpi.so (found version "3.1") 
[1.179s] -- Found MPI: TRUE (found version "3.1") found components: C 
[1.181s] -- Found JsonCpp: /usr/lib/x86_64-linux-gnu/libjsoncpp.so (found suitable version "1.9.5", minimum required is "0.7.0") 
[1.186s] -- Found ZLIB: /usr/lib/x86_64-linux-gnu/libz.so (found version "1.2.11") 
[1.195s] -- Found PNG: /usr/lib/x86_64-linux-gnu/libpng.so (found version "1.6.37") 
[1.201s] -- Found Eigen3: /usr/include/eigen3 (found version "3.4.0") 
[1.248s] -- Found X11: /usr/include   
[1.248s] -- Looking for XOpenDisplay in /usr/lib/x86_64-linux-gnu/libX11.so;/usr/lib/x86_64-linux-gnu/libXext.so
[1.292s] -- Looking for XOpenDisplay in /usr/lib/x86_64-linux-gnu/libX11.so;/usr/lib/x86_64-linux-gnu/libXext.so - found
[1.292s] -- Looking for gethostbyname
[1.333s] -- Looking for gethostbyname - found
[1.333s] -- Looking for connect
[1.374s] -- Looking for connect - found
[1.374s] -- Looking for remove
[1.415s] -- Looking for remove - found
[1.415s] -- Looking for shmat
[1.456s] -- Looking for shmat - found
[1.456s] -- Looking for IceConnectionNumber in ICE
[1.497s] -- Looking for IceConnectionNumber in ICE - found
[1.541s] -- Found EXPAT: /usr/lib/x86_64-linux-gnu/libexpat.so (found version "2.4.7") 
[1.543s] -- Found double-conversion: /usr/lib/x86_64-linux-gnu/libdouble-conversion.so  
[1.544s] -- Found LZ4: /usr/lib/x86_64-linux-gnu/liblz4.so (found version "1.9.3") 
[1.545s] -- Found LZMA: /usr/lib/x86_64-linux-gnu/liblzma.so (found version "5.2.5") 
[1.552s] -- Found JPEG: /usr/lib/x86_64-linux-gnu/libjpeg.so (found version "80") 
[1.555s] -- Found TIFF: /usr/lib/x86_64-linux-gnu/libtiff.so (found version "4.3.0")  
[1.558s] -- Found Freetype: /usr/lib/x86_64-linux-gnu/libfreetype.so (found version "2.11.1") 
[1.561s] -- Found utf8cpp: /usr/include/utf8cpp  
[1.603s] -- Checking for module 'libusb-1.0'
[1.610s] --   Found libusb-1.0, version 1.0.25
[1.627s] -- Found libusb: /usr/lib/x86_64-linux-gnu/libusb-1.0.so  
[1.628s] -- Found OpenNI: /usr/lib/libOpenNI.so;libusb::libusb (found version "1.5.4.0") 
[1.628s] -- OpenNI found (version: 1.5.4.0, include: /usr/include/ni, lib: /usr/lib/libOpenNI.so;libusb::libusb)
[1.657s] -- Found OpenNI2: /usr/lib/x86_64-linux-gnu/libOpenNI2.so;libusb::libusb (found version "2.2.0.33") 
[1.657s] -- OpenNI2 found (version: 2.2.0.33, include: /usr/include/openni2, lib: /usr/lib/x86_64-linux-gnu/libOpenNI2.so;libusb::libusb)
[1.657s] [0m** WARNING ** io features related to pcap will be disabled[0m
[1.749s] -- Eigen found (include: /usr/include/eigen3, version: 3.4.0)
[1.753s] -- OpenNI found (version: 1.5.4.0, include: /usr/include/ni, lib: /usr/lib/libOpenNI.so;libusb::libusb)
[1.756s] -- OpenNI2 found (version: 2.2.0.33, include: /usr/include/openni2, lib: /usr/lib/x86_64-linux-gnu/libOpenNI2.so;libusb::libusb)
[1.843s] -- Found Qhull version 8.0.2
[1.931s] -- OpenNI found (version: 1.5.4.0, include: /usr/include/ni, lib: /usr/lib/libOpenNI.so;libusb::libusb)
[2.016s] -- looking for PCL_COMMON
[2.017s] -- Found PCL_COMMON: /usr/lib/x86_64-linux-gnu/libpcl_common.so  
[2.017s] -- looking for PCL_KDTREE
[2.018s] -- Found PCL_KDTREE: /usr/lib/x86_64-linux-gnu/libpcl_kdtree.so  
[2.018s] -- looking for PCL_OCTREE
[2.018s] -- Found PCL_OCTREE: /usr/lib/x86_64-linux-gnu/libpcl_octree.so  
[2.018s] -- looking for PCL_SEARCH
[2.019s] -- Found PCL_SEARCH: /usr/lib/x86_64-linux-gnu/libpcl_search.so  
[2.019s] -- looking for PCL_SAMPLE_CONSENSUS
[2.019s] -- Found PCL_SAMPLE_CONSENSUS: /usr/lib/x86_64-linux-gnu/libpcl_sample_consensus.so  
[2.019s] -- looking for PCL_FILTERS
[2.020s] -- Found PCL_FILTERS: /usr/lib/x86_64-linux-gnu/libpcl_filters.so  
[2.020s] -- looking for PCL_2D
[2.020s] -- Found PCL_2D: /usr/include/pcl-1.12  
[2.020s] -- looking for PCL_GEOMETRY
[2.020s] -- Found PCL_GEOMETRY: /usr/include/pcl-1.12  
[2.020s] -- looking for PCL_IO
[2.021s] -- Found PCL_IO: /usr/lib/x86_64-linux-gnu/libpcl_io.so  
[2.021s] -- looking for PCL_FEATURES
[2.021s] -- Found PCL_FEATURES: /usr/lib/x86_64-linux-gnu/libpcl_features.so  
[2.021s] -- looking for PCL_ML
[2.022s] -- Found PCL_ML: /usr/lib/x86_64-linux-gnu/libpcl_ml.so  
[2.022s] -- looking for PCL_SEGMENTATION
[2.022s] -- Found PCL_SEGMENTATION: /usr/lib/x86_64-linux-gnu/libpcl_segmentation.so  
[2.022s] -- looking for PCL_VISUALIZATION
[2.023s] -- Found PCL_VISUALIZATION: /usr/lib/x86_64-linux-gnu/libpcl_visualization.so  
[2.023s] -- looking for PCL_SURFACE
[2.023s] -- Found PCL_SURFACE: /usr/lib/x86_64-linux-gnu/libpcl_surface.so  
[2.024s] -- looking for PCL_REGISTRATION
[2.024s] -- Found PCL_REGISTRATION: /usr/lib/x86_64-linux-gnu/libpcl_registration.so  
[2.024s] -- looking for PCL_KEYPOINTS
[2.025s] -- Found PCL_KEYPOINTS: /usr/lib/x86_64-linux-gnu/libpcl_keypoints.so  
[2.025s] -- looking for PCL_TRACKING
[2.025s] -- Found PCL_TRACKING: /usr/lib/x86_64-linux-gnu/libpcl_tracking.so  
[2.025s] -- looking for PCL_RECOGNITION
[2.026s] -- Found PCL_RECOGNITION: /usr/lib/x86_64-linux-gnu/libpcl_recognition.so  
[2.026s] -- looking for PCL_STEREO
[2.027s] -- Found PCL_STEREO: /usr/lib/x86_64-linux-gnu/libpcl_stereo.so  
[2.027s] -- looking for PCL_APPS
[2.027s] -- Found PCL_APPS: /usr/lib/x86_64-linux-gnu/libpcl_apps.so  
[2.028s] -- looking for PCL_IN_HAND_SCANNER
[2.028s] -- Found PCL_IN_HAND_SCANNER: /usr/include/pcl-1.12  
[2.028s] -- looking for PCL_MODELER
[2.028s] -- Found PCL_MODELER: /usr/include/pcl-1.12  
[2.028s] -- looking for PCL_POINT_CLOUD_EDITOR
[2.028s] -- Found PCL_POINT_CLOUD_EDITOR: /usr/include/pcl-1.12  
[2.028s] -- looking for PCL_OUTOFCORE
[2.029s] -- Found PCL_OUTOFCORE: /usr/lib/x86_64-linux-gnu/libpcl_outofcore.so  
[2.029s] -- looking for PCL_PEOPLE
[2.030s] -- Found PCL_PEOPLE: /usr/lib/x86_64-linux-gnu/libpcl_people.so  
[2.030s] -- Found PCL: pcl_common;pcl_kdtree;pcl_octree;pcl_search;pcl_sample_consensus;pcl_filters;pcl_io;pcl_features;pcl_ml;pcl_segmentation;pcl_visualization;pcl_surface;pcl_registration;pcl_keypoints;pcl_tracking;pcl_recognition;pcl_stereo;pcl_apps;pcl_outofcore;pcl_people;Boost::system;Boost::filesystem;Boost::date_time;Boost::iostreams;Boost::serialization;/usr/lib/libOpenNI.so;libusb::libusb;/usr/lib/x86_64-linux-gnu/libOpenNI2.so;libusb::libusb;VTK::ChartsCore;VTK::CommonColor;VTK::CommonComputationalGeometry;VTK::CommonCore;VTK::CommonDataModel;VTK::CommonExecutionModel;VTK::CommonMath;VTK::CommonMisc;VTK::CommonTransforms;VTK::FiltersCore;VTK::FiltersExtraction;VTK::FiltersGeneral;VTK::FiltersGeometry;VTK::FiltersModeling;VTK::FiltersSources;VTK::ImagingCore;VTK::ImagingSources;VTK::InteractionImage;VTK::InteractionStyle;VTK::InteractionWidgets;VTK::IOCore;VTK::IOGeometry;VTK::IOImage;VTK::IOLegacy;VTK::IOPLY;VTK::RenderingAnnotation;VTK::RenderingCore;VTK::RenderingContext2D;VTK::RenderingLOD;VTK::RenderingFreeType;VTK::ViewsCore;VTK::ViewsContext2D;VTK::RenderingOpenGL2;VTK::GUISupportQt;FLANN::FLANN;QHULL::QHULL  
[2.034s] -- Found PkgConfig: /usr/bin/pkg-config (found version "0.29.2") 
[2.035s] -- Checking for module 'apr-1'
[2.050s] --   Found apr-1, version 1.7.0
[2.068s] [0m/usr/include/apr-1.0[0m
[2.069s] [0mapr-1[0m
[2.192s] -- Found ament_cmake_ros: 0.10.0 (/opt/ros/humble/share/ament_cmake_ros/cmake)
[2.321s] -- Using all available rosidl_typesupport_c: rosidl_typesupport_fastrtps_c;rosidl_typesupport_introspection_c
[2.489s] -- Using all available rosidl_typesupport_cpp: rosidl_typesupport_fastrtps_cpp;rosidl_typesupport_introspection_cpp
[2.503s] -- Found PythonInterp: /usr/bin/python3 (found suitable version "3.10.12", minimum required is "3.6") 
[2.503s] -- Found python_cmake_module: 0.10.0 (/opt/ros/humble/share/python_cmake_module/cmake)
[2.519s] -- Found PythonLibs: /usr/lib/x86_64-linux-gnu/libpython3.10.so (found suitable version "3.10.12", minimum required is "3.5") 
[2.519s] -- Using PYTHON_EXECUTABLE: /usr/bin/python3
[2.519s] -- Using PYTHON_INCLUDE_DIRS: /usr/include/python3.10
[2.519s] -- Using PYTHON_LIBRARIES: /usr/lib/x86_64-linux-gnu/libpython3.10.so
[2.532s] -- Found PythonExtra: .so  
[2.562s] [0m/usr/local/lib/liblivox_lidar_sdk_shared.so[0m
[2.613s] -- Found ament_lint_auto: 0.12.9 (/opt/ros/humble/share/ament_lint_auto/cmake)
[2.626s] -- Added test 'copyright' to check source files copyright and LICENSE
[2.630s] -- Added test 'cppcheck' to perform static code analysis on C / C++ code
[2.630s] -- Configured cppcheck include dirs: $<BUILD_INTERFACE:/home/rm/livox_ros_driver2_humble/src/build/livox_ros_driver2/rosidl_generator_c>;$<BUILD_INTERFACE:/home/rm/livox_ros_driver2_humble/src/build/livox_ros_driver2/rosidl_typesupport_fastrtps_c>;$<BUILD_INTERFACE:/home/rm/livox_ros_driver2_humble/src/build/livox_ros_driver2/rosidl_typesupport_introspection_c>;$<BUILD_INTERFACE:/home/rm/livox_ros_driver2_humble/src/build/livox_ros_driver2/rosidl_generator_cpp>;$<BUILD_INTERFACE:/home/rm/livox_ros_driver2_humble/src/build/livox_ros_driver2/rosidl_typesupport_fastrtps_cpp>;$<BUILD_INTERFACE:/home/rm/livox_ros_driver2_humble/src/build/livox_ros_driver2/rosidl_typesupport_introspection_cpp>;/home/rm/livox_ros_driver2_humble/src/build/livox_ros_driver2/rosidl_generator_c;/home/rm/livox_ros_driver2_humble/src/build/livox_ros_driver2/rosidl_generator_py;/home/rm/livox_ros_driver2_humble/src/3rdparty;/home/rm/livox_ros_driver2_humble/src/src
[2.630s] -- Configured cppcheck exclude dirs and/or files: 
[2.634s] -- Added test 'cpplint' to check C / C++ code against the Google style
[2.635s] -- Configured cpplint exclude dirs and/or files: 
[2.635s] -- Added test 'flake8' to check Python code syntax and style conventions
[2.636s] -- Added test 'lint_cmake' to check CMake code style
[2.637s] -- Added test 'pep257' to check Python code against some of the docstring style conventions in PEP 257
[2.641s] -- Added test 'uncrustify' to check C / C++ code style
[2.641s] -- Configured uncrustify additional arguments: 
[2.642s] -- Added test 'xmllint' to check XML markup files
[2.643s] -- Configuring done
[2.686s] -- Generating done
[2.689s] -- Build files have been written to: /home/rm/livox_ros_driver2_humble/src/build/livox_ros_driver2
[2.702s] Invoked command in '/home/rm/livox_ros_driver2_humble/src/build/livox_ros_driver2' returned '0': CMAKE_PREFIX_PATH=${CMAKE_PREFIX_PATH}:/opt/ros/humble /usr/bin/cmake /home/rm/livox_ros_driver2_humble/src -DAMENT_CMAKE_SYMLINK_INSTALL=1 -DCMAKE_INSTALL_PREFIX=/home/rm/livox_ros_driver2_humble/src/install/livox_ros_driver2
[2.703s] Invoking command in '/home/rm/livox_ros_driver2_humble/src/build/livox_ros_driver2': CMAKE_PREFIX_PATH=${CMAKE_PREFIX_PATH}:/opt/ros/humble /usr/bin/cmake --build /home/rm/livox_ros_driver2_humble/src/build/livox_ros_driver2 -- -j16 -l16
[2.730s] [  1%] [34m[1mGenerating C code for ROS interfaces[0m
[2.737s] [  5%] [34m[1mGenerating C++ code for ROS interfaces[0m
[2.737s] [  5%] [32mBuilding CXX object CMakeFiles/livox_ros_driver2_node.dir/rclcpp_components/node_main_livox_ros_driver2_node.cpp.o[0m
[2.742s] [  5%] Built target ament_cmake_python_symlink_livox_ros_driver2
[2.892s] running egg_info
[2.893s] creating livox_ros_driver2.egg-info
[2.893s] writing livox_ros_driver2.egg-info/PKG-INFO
[2.893s] writing dependency_links to livox_ros_driver2.egg-info/dependency_links.txt
[2.893s] writing top-level names to livox_ros_driver2.egg-info/top_level.txt
[2.893s] writing manifest file 'livox_ros_driver2.egg-info/SOURCES.txt'
[2.894s] reading manifest file 'livox_ros_driver2.egg-info/SOURCES.txt'
[2.895s] writing manifest file 'livox_ros_driver2.egg-info/SOURCES.txt'
[2.914s] [  5%] Built target ament_cmake_python_build_livox_ros_driver2_egg
[3.019s] [  5%] Built target livox_interfaces2__cpp
[3.023s] [  8%] [32mBuilding C object CMakeFiles/livox_interfaces2__rosidl_generator_c.dir/rosidl_generator_c/livox_ros_driver2/msg/detail/custom_msg__functions.c.o[0m
[3.023s] [  8%] [32mBuilding C object CMakeFiles/livox_interfaces2__rosidl_generator_c.dir/rosidl_generator_c/livox_ros_driver2/msg/detail/custom_point__functions.c.o[0m
[3.025s] [ 10%] [34m[1mGenerating C++ type support dispatch for ROS interfaces[0m
[3.028s] [ 14%] [34m[1mGenerating C++ type support for eProsima Fast-RTPS[0m
[3.028s] [ 14%] [34m[1mGenerating C++ introspection for ROS interfaces[0m
[3.058s] [ 15%] [32m[1mLinking C shared library liblivox_ros_driver2__rosidl_generator_c.so[0m
[3.085s] [ 15%] Built target livox_interfaces2__rosidl_generator_c
[3.092s] [ 17%] [34m[1mGenerating C type support for eProsima Fast-RTPS[0m
[3.094s] [ 21%] [34m[1mGenerating C type support dispatch for ROS interfaces[0m
[3.094s] [ 21%] [34m[1mGenerating C introspection for ROS interfaces[0m
[3.293s] [ 22%] [32mBuilding CXX object CMakeFiles/livox_interfaces2__rosidl_typesupport_cpp.dir/rosidl_typesupport_cpp/livox_ros_driver2/msg/custom_point__type_support.cpp.o[0m
[3.295s] [ 24%] [32mBuilding CXX object CMakeFiles/livox_interfaces2__rosidl_typesupport_cpp.dir/rosidl_typesupport_cpp/livox_ros_driver2/msg/custom_msg__type_support.cpp.o[0m
[3.323s] [ 26%] [32mBuilding CXX object CMakeFiles/livox_interfaces2__rosidl_typesupport_fastrtps_cpp.dir/rosidl_typesupport_fastrtps_cpp/livox_ros_driver2/msg/detail/dds_fastrtps/custom_point__type_support.cpp.o[0m
[3.325s] [ 28%] [32mBuilding CXX object CMakeFiles/livox_interfaces2__rosidl_typesupport_fastrtps_cpp.dir/rosidl_typesupport_fastrtps_cpp/livox_ros_driver2/msg/detail/dds_fastrtps/custom_msg__type_support.cpp.o[0m
[3.385s] [ 31%] [32mBuilding CXX object CMakeFiles/livox_interfaces2__rosidl_typesupport_c.dir/rosidl_typesupport_c/livox_ros_driver2/msg/custom_msg__type_support.cpp.o[0m
[3.385s] [ 31%] [32mBuilding CXX object CMakeFiles/livox_interfaces2__rosidl_typesupport_c.dir/rosidl_typesupport_c/livox_ros_driver2/msg/custom_point__type_support.cpp.o[0m
[3.417s] [ 33%] [32m[1mLinking CXX shared library liblivox_ros_driver2__rosidl_typesupport_c.so[0m
[3.433s] [ 36%] [32mBuilding CXX object CMakeFiles/livox_interfaces2__rosidl_typesupport_introspection_cpp.dir/rosidl_typesupport_introspection_cpp/livox_ros_driver2/msg/detail/custom_msg__type_support.cpp.o[0m
[3.433s] [ 36%] [32mBuilding CXX object CMakeFiles/livox_interfaces2__rosidl_typesupport_introspection_cpp.dir/rosidl_typesupport_introspection_cpp/livox_ros_driver2/msg/detail/custom_point__type_support.cpp.o[0m
[3.460s] [ 36%] Built target livox_interfaces2__rosidl_typesupport_c
[3.490s] [ 40%] [32mBuilding CXX object CMakeFiles/livox_interfaces2__rosidl_typesupport_fastrtps_c.dir/rosidl_typesupport_fastrtps_c/livox_ros_driver2/msg/detail/custom_point__type_support_c.cpp.o[0m
[3.490s] [ 40%] [32mBuilding CXX object CMakeFiles/livox_interfaces2__rosidl_typesupport_fastrtps_c.dir/rosidl_typesupport_fastrtps_c/livox_ros_driver2/msg/detail/custom_msg__type_support_c.cpp.o[0m
[3.513s] [ 42%] [32mBuilding C object CMakeFiles/livox_interfaces2__rosidl_typesupport_introspection_c.dir/rosidl_typesupport_introspection_c/livox_ros_driver2/msg/detail/custom_point__type_support.c.o[0m
[3.514s] [ 43%] [32mBuilding C object CMakeFiles/livox_interfaces2__rosidl_typesupport_introspection_c.dir/rosidl_typesupport_introspection_c/livox_ros_driver2/msg/detail/custom_msg__type_support.c.o[0m
[3.523s] [ 45%] [32m[1mLinking CXX shared library liblivox_ros_driver2__rosidl_typesupport_cpp.so[0m
[3.554s] [ 47%] [32m[1mLinking C shared library liblivox_ros_driver2__rosidl_typesupport_introspection_c.so[0m
[3.557s] [ 47%] Built target livox_interfaces2__rosidl_typesupport_cpp
[3.576s] [ 54%] [32mBuilding CXX object CMakeFiles/livox_ros_driver2.dir/src/lddc.cpp.o[0m
[3.576s] [ 57%] [32mBuilding CXX object CMakeFiles/livox_ros_driver2.dir/src/lds_lidar.cpp.o[0m
[3.577s] [ 54%] [32mBuilding CXX object CMakeFiles/livox_ros_driver2.dir/src/lds.cpp.o[0m
[3.577s] [ 54%] [32mBuilding CXX object CMakeFiles/livox_ros_driver2.dir/src/livox_ros_driver2.cpp.o[0m
[3.577s] [ 54%] [32mBuilding CXX object CMakeFiles/livox_ros_driver2.dir/src/driver_node.cpp.o[0m
[3.577s] [ 57%] [32mBuilding CXX object CMakeFiles/livox_ros_driver2.dir/src/comm/semaphore.cpp.o[0m
[3.578s] [ 59%] [32mBuilding CXX object CMakeFiles/livox_ros_driver2.dir/src/comm/ldq.cpp.o[0m
[3.582s] [ 61%] [32mBuilding CXX object CMakeFiles/livox_ros_driver2.dir/src/comm/comm.cpp.o[0m
[3.587s] In file included from [01m[K/home/rm/livox_ros_driver2_humble/src/src/driver_node.h:28[m[K,
[3.587s]                  from [01m[K/home/rm/livox_ros_driver2_humble/src/src/driver_node.cpp:25[m[K:
[3.587s] [01m[K/home/rm/livox_ros_driver2_humble/src/src/include/ros_headers.h:28:[m[K [01;35m[Kwarning: [m[K"BUILDING_ROS2" redefined
[3.587s]    28 | #define BUILDING_ROS2
[3.587s]       | 
[3.587s] [01m[K<command-line>:[m[K [01;36m[Knote: [m[Kthis is the location of the previous definition
[3.590s] [ 61%] Built target livox_interfaces2__rosidl_typesupport_introspection_c
[3.622s] [ 63%] [32mBuilding CXX object CMakeFiles/livox_ros_driver2.dir/src/comm/lidar_imu_data_queue.cpp.o[0m
[3.646s] [ 64%] [32mBuilding CXX object CMakeFiles/livox_ros_driver2.dir/src/comm/cache_index.cpp.o[0m
[3.719s] In file included from [01m[K/home/rm/livox_ros_driver2_humble/src/src/driver_node.h:28[m[K,
[3.719s]                  from [01m[K/home/rm/livox_ros_driver2_humble/src/src/livox_ros_driver2.cpp:32[m[K:
[3.719s] [01m[K/home/rm/livox_ros_driver2_humble/src/src/include/ros_headers.h:28:[m[K [01;35m[Kwarning: [m[K"BUILDING_ROS2" redefined
[3.719s]    28 | #define BUILDING_ROS2
[3.719s]       | 
[3.719s] [01m[K<command-line>:[m[K [01;36m[Knote: [m[Kthis is the location of the previous definition
[3.724s] In file included from [01m[K/home/rm/livox_ros_driver2_humble/src/src/driver_node.h:28[m[K,
[3.724s]                  from [01m[K/home/rm/livox_ros_driver2_humble/src/src/lddc.h:31[m[K,
[3.724s]                  from [01m[K/home/rm/livox_ros_driver2_humble/src/src/lddc.cpp:25[m[K:
[3.724s] [01m[K/home/rm/livox_ros_driver2_humble/src/src/include/ros_headers.h:28:[m[K [01;35m[Kwarning: [m[K"BUILDING_ROS2" redefined
[3.725s]    28 | #define BUILDING_ROS2
[3.725s]       | 
[3.725s] [01m[K<command-line>:[m[K [01;36m[Knote: [m[Kthis is the location of the previous definition
[3.835s] [ 66%] [32mBuilding CXX object CMakeFiles/livox_ros_driver2.dir/src/comm/pub_handler.cpp.o[0m
[3.898s] [ 68%] [32m[1mLinking CXX shared library liblivox_ros_driver2__rosidl_typesupport_fastrtps_cpp.so[0m
[3.909s] [ 70%] [32mBuilding CXX object CMakeFiles/livox_ros_driver2.dir/src/parse_cfg_file/parse_cfg_file.cpp.o[0m
[3.927s] [ 71%] [32m[1mLinking CXX shared library liblivox_ros_driver2__rosidl_typesupport_fastrtps_c.so[0m
[4.016s] [ 73%] [32m[1mLinking CXX shared library liblivox_ros_driver2__rosidl_typesupport_introspection_cpp.so[0m
[4.020s] [ 75%] [32mBuilding CXX object CMakeFiles/livox_ros_driver2.dir/src/parse_cfg_file/parse_livox_lidar_cfg.cpp.o[0m
[4.030s] [ 75%] Built target livox_interfaces2__rosidl_typesupport_fastrtps_cpp
[4.044s] [ 77%] [32mBuilding CXX object CMakeFiles/livox_ros_driver2.dir/src/call_back/lidar_common_callback.cpp.o[0m
[4.065s] [ 77%] Built target livox_interfaces2__rosidl_typesupport_fastrtps_c
[4.079s] [ 78%] [32mBuilding CXX object CMakeFiles/livox_ros_driver2.dir/src/call_back/livox_lidar_callback.cpp.o[0m
[4.136s] [ 78%] Built target livox_interfaces2__rosidl_typesupport_introspection_cpp
[4.160s] [ 78%] Built target livox_interfaces2
[4.184s] [ 80%] [34m[1mGenerating Python code for ROS interfaces[0m
[4.715s] In file included from [01m[K/home/rm/livox_ros_driver2_humble/src/src/lds_lidar.cpp:47[m[K:
[4.715s] [01m[K/home/rm/livox_ros_driver2_humble/src/src/comm/pub_handler.h:44:29:[m[K [01;35m[Kwarning: [m[K‘[01m[Klivox_ros::extrinsic_global[m[K’ defined but not used [[01;35m[K]8;;https://gcc.gnu.org/onlinedocs/gcc/Warning-Options.html#index-Wunused-variable-Wunused-variable]8;;[m[K]
[4.716s]    44 | static ExtParameterDetailed [01;35m[Kextrinsic_global[m[K = {
[4.716s]       |                             [01;35m[K^~~~~~~~~~~~~~~~[m[K
[5.001s] [ 80%] Built target livox_interfaces2__py
[5.022s] [ 84%] [32mBuilding C object CMakeFiles/livox_interfaces2__rosidl_generator_py.dir/rosidl_generator_py/livox_ros_driver2/msg/_custom_point_s.c.o[0m
[5.023s] [ 84%] [32mBuilding C object CMakeFiles/livox_interfaces2__rosidl_generator_py.dir/rosidl_generator_py/livox_ros_driver2/msg/_custom_msg_s.c.o[0m
[5.136s] [ 85%] [32m[1mLinking C shared library rosidl_generator_py/livox_ros_driver2/liblivox_interfaces2__rosidl_generator_py.so[0m
[5.179s] [ 85%] Built target livox_interfaces2__rosidl_generator_py
[5.201s] [ 91%] [32mBuilding C object CMakeFiles/livox_ros_driver2__rosidl_typesupport_fastrtps_c__pyext.dir/rosidl_generator_py/livox_ros_driver2/_livox_ros_driver2_s.ep.rosidl_typesupport_fastrtps_c.c.o[0m
[5.201s] [ 91%] [32mBuilding C object CMakeFiles/livox_ros_driver2__rosidl_typesupport_c__pyext.dir/rosidl_generator_py/livox_ros_driver2/_livox_ros_driver2_s.ep.rosidl_typesupport_c.c.o[0m
[5.201s] [ 91%] [32mBuilding C object CMakeFiles/livox_ros_driver2__rosidl_typesupport_introspection_c__pyext.dir/rosidl_generator_py/livox_ros_driver2/_livox_ros_driver2_s.ep.rosidl_typesupport_introspection_c.c.o[0m
[5.306s] [ 92%] [32m[1mLinking C shared library rosidl_generator_py/livox_ros_driver2/livox_ros_driver2_s__rosidl_typesupport_c.cpython-310-x86_64-linux-gnu.so[0m
[5.310s] [ 96%] [32m[1mLinking C shared library rosidl_generator_py/livox_ros_driver2/livox_ros_driver2_s__rosidl_typesupport_fastrtps_c.cpython-310-x86_64-linux-gnu.so[0m
[5.310s] [ 96%] [32m[1mLinking C shared library rosidl_generator_py/livox_ros_driver2/livox_ros_driver2_s__rosidl_typesupport_introspection_c.cpython-310-x86_64-linux-gnu.so[0m
[5.348s] [ 96%] Built target livox_ros_driver2__rosidl_typesupport_c__pyext
[5.353s] [ 96%] Built target livox_ros_driver2__rosidl_typesupport_introspection_c__pyext
[5.354s] [ 96%] Built target livox_ros_driver2__rosidl_typesupport_fastrtps_c__pyext
[5.810s] [ 98%] [32m[1mLinking CXX executable livox_ros_driver2_node[0m
[5.893s] [ 98%] Built target livox_ros_driver2_node
[10.260s] [100%] [32m[1mLinking CXX shared library liblivox_ros_driver2.so[0m
[10.557s] [100%] Built target livox_ros_driver2
[10.566s] Invoked command in '/home/rm/livox_ros_driver2_humble/src/build/livox_ros_driver2' returned '0': CMAKE_PREFIX_PATH=${CMAKE_PREFIX_PATH}:/opt/ros/humble /usr/bin/cmake --build /home/rm/livox_ros_driver2_humble/src/build/livox_ros_driver2 -- -j16 -l16
[10.639s] Invoking command in '/home/rm/livox_ros_driver2_humble/src/build/livox_ros_driver2': CMAKE_PREFIX_PATH=${CMAKE_PREFIX_PATH}:/opt/ros/humble /usr/bin/cmake --install /home/rm/livox_ros_driver2_humble/src/build/livox_ros_driver2
[10.644s] -- Install configuration: ""
[10.644s] -- Execute custom install script
[10.644s] -- Symlinking: /home/rm/livox_ros_driver2_humble/src/install/livox_ros_driver2/share/ament_index/resource_index/rosidl_interfaces/livox_ros_driver2
[10.650s] -- Symlinking: /home/rm/livox_ros_driver2_humble/src/install/livox_ros_driver2/include/livox_ros_driver2/livox_ros_driver2/msg/custom_msg.h
[10.654s] -- Symlinking: /home/rm/livox_ros_driver2_humble/src/install/livox_ros_driver2/include/livox_ros_driver2/livox_ros_driver2/msg/custom_point.h
[10.659s] -- Symlinking: /home/rm/livox_ros_driver2_humble/src/install/livox_ros_driver2/include/livox_ros_driver2/livox_ros_driver2/msg/detail/custom_msg__functions.h
[10.664s] -- Symlinking: /home/rm/livox_ros_driver2_humble/src/install/livox_ros_driver2/include/livox_ros_driver2/livox_ros_driver2/msg/detail/custom_msg__struct.h
[10.669s] -- Symlinking: /home/rm/livox_ros_driver2_humble/src/install/livox_ros_driver2/include/livox_ros_driver2/livox_ros_driver2/msg/detail/custom_msg__type_support.h
[10.674s] -- Symlinking: /home/rm/livox_ros_driver2_humble/src/install/livox_ros_driver2/include/livox_ros_driver2/livox_ros_driver2/msg/detail/custom_point__functions.h
[10.679s] -- Symlinking: /home/rm/livox_ros_driver2_humble/src/install/livox_ros_driver2/include/livox_ros_driver2/livox_ros_driver2/msg/detail/custom_point__struct.h
[10.684s] -- Symlinking: /home/rm/livox_ros_driver2_humble/src/install/livox_ros_driver2/include/livox_ros_driver2/livox_ros_driver2/msg/detail/custom_point__type_support.h
[10.689s] -- Symlinking: /home/rm/livox_ros_driver2_humble/src/install/livox_ros_driver2/include/livox_ros_driver2/livox_ros_driver2/msg/rosidl_generator_c__visibility_control.h
[10.693s] -- Symlinking: /home/rm/livox_ros_driver2_humble/src/install/livox_ros_driver2/share/livox_ros_driver2/environment/library_path.sh
[10.698s] -- Symlinking: /home/rm/livox_ros_driver2_humble/src/install/livox_ros_driver2/share/livox_ros_driver2/environment/library_path.dsv
[10.703s] -- Symlinking: /home/rm/livox_ros_driver2_humble/src/install/livox_ros_driver2/include/livox_ros_driver2/livox_ros_driver2/msg/detail/custom_msg__rosidl_typesupport_fastrtps_c.h
[10.708s] -- Symlinking: /home/rm/livox_ros_driver2_humble/src/install/livox_ros_driver2/include/livox_ros_driver2/livox_ros_driver2/msg/detail/custom_point__rosidl_typesupport_fastrtps_c.h
[10.713s] -- Symlinking: /home/rm/livox_ros_driver2_humble/src/install/livox_ros_driver2/include/livox_ros_driver2/livox_ros_driver2/msg/rosidl_typesupport_fastrtps_c__visibility_control.h
[10.718s] -- Symlinking: /home/rm/livox_ros_driver2_humble/src/install/livox_ros_driver2/include/livox_ros_driver2/livox_ros_driver2/msg/detail/custom_msg__rosidl_typesupport_introspection_c.h
[10.723s] -- Symlinking: /home/rm/livox_ros_driver2_humble/src/install/livox_ros_driver2/include/livox_ros_driver2/livox_ros_driver2/msg/detail/custom_point__rosidl_typesupport_introspection_c.h
[10.727s] -- Symlinking: /home/rm/livox_ros_driver2_humble/src/install/livox_ros_driver2/include/livox_ros_driver2/livox_ros_driver2/msg/rosidl_typesupport_introspection_c__visibility_control.h
[10.732s] -- Symlinking: /home/rm/livox_ros_driver2_humble/src/install/livox_ros_driver2/include/livox_ros_driver2/livox_ros_driver2/msg/custom_msg.hpp
[10.737s] -- Symlinking: /home/rm/livox_ros_driver2_humble/src/install/livox_ros_driver2/include/livox_ros_driver2/livox_ros_driver2/msg/custom_point.hpp
[10.742s] -- Symlinking: /home/rm/livox_ros_driver2_humble/src/install/livox_ros_driver2/include/livox_ros_driver2/livox_ros_driver2/msg/detail/custom_msg__builder.hpp
[10.747s] -- Symlinking: /home/rm/livox_ros_driver2_humble/src/install/livox_ros_driver2/include/livox_ros_driver2/livox_ros_driver2/msg/detail/custom_msg__struct.hpp
[10.752s] -- Symlinking: /home/rm/livox_ros_driver2_humble/src/install/livox_ros_driver2/include/livox_ros_driver2/livox_ros_driver2/msg/detail/custom_msg__traits.hpp
[10.757s] -- Symlinking: /home/rm/livox_ros_driver2_humble/src/install/livox_ros_driver2/include/livox_ros_driver2/livox_ros_driver2/msg/detail/custom_point__builder.hpp
[10.762s] -- Symlinking: /home/rm/livox_ros_driver2_humble/src/install/livox_ros_driver2/include/livox_ros_driver2/livox_ros_driver2/msg/detail/custom_point__struct.hpp
[10.767s] -- Symlinking: /home/rm/livox_ros_driver2_humble/src/install/livox_ros_driver2/include/livox_ros_driver2/livox_ros_driver2/msg/detail/custom_point__traits.hpp
[10.772s] -- Symlinking: /home/rm/livox_ros_driver2_humble/src/install/livox_ros_driver2/include/livox_ros_driver2/livox_ros_driver2/msg/detail/custom_msg__rosidl_typesupport_fastrtps_cpp.hpp
[10.777s] -- Symlinking: /home/rm/livox_ros_driver2_humble/src/install/livox_ros_driver2/include/livox_ros_driver2/livox_ros_driver2/msg/detail/custom_point__rosidl_typesupport_fastrtps_cpp.hpp
[10.781s] -- Symlinking: /home/rm/livox_ros_driver2_humble/src/install/livox_ros_driver2/include/livox_ros_driver2/livox_ros_driver2/msg/rosidl_typesupport_fastrtps_cpp__visibility_control.h
[10.786s] -- Symlinking: /home/rm/livox_ros_driver2_humble/src/install/livox_ros_driver2/include/livox_ros_driver2/livox_ros_driver2/msg/detail/custom_msg__rosidl_typesupport_introspection_cpp.hpp
[10.791s] -- Symlinking: /home/rm/livox_ros_driver2_humble/src/install/livox_ros_driver2/include/livox_ros_driver2/livox_ros_driver2/msg/detail/custom_point__rosidl_typesupport_introspection_cpp.hpp
[10.796s] -- Symlinking: /home/rm/livox_ros_driver2_humble/src/install/livox_ros_driver2/share/livox_ros_driver2/environment/pythonpath.sh
[10.801s] -- Symlinking: /home/rm/livox_ros_driver2_humble/src/install/livox_ros_driver2/share/livox_ros_driver2/environment/pythonpath.dsv
[10.806s] -- Symlinking: /home/rm/livox_ros_driver2_humble/src/install/livox_ros_driver2/local/lib/python3.10/dist-packages/livox_ros_driver2-1.0.0-py3.10.egg-info/PKG-INFO
[10.810s] -- Symlinking: /home/rm/livox_ros_driver2_humble/src/install/livox_ros_driver2/local/lib/python3.10/dist-packages/livox_ros_driver2-1.0.0-py3.10.egg-info/SOURCES.txt
[10.815s] -- Symlinking: /home/rm/livox_ros_driver2_humble/src/install/livox_ros_driver2/local/lib/python3.10/dist-packages/livox_ros_driver2-1.0.0-py3.10.egg-info/dependency_links.txt
[10.820s] -- Symlinking: /home/rm/livox_ros_driver2_humble/src/install/livox_ros_driver2/local/lib/python3.10/dist-packages/livox_ros_driver2-1.0.0-py3.10.egg-info/top_level.txt
[10.825s] -- Symlinking: /home/rm/livox_ros_driver2_humble/src/install/livox_ros_driver2/local/lib/python3.10/dist-packages/livox_ros_driver2/__init__.py
[10.830s] -- Symlinking: /home/rm/livox_ros_driver2_humble/src/install/livox_ros_driver2/local/lib/python3.10/dist-packages/livox_ros_driver2/_livox_ros_driver2_s.ep.rosidl_typesupport_c.c
[10.835s] -- Symlinking: /home/rm/livox_ros_driver2_humble/src/install/livox_ros_driver2/local/lib/python3.10/dist-packages/livox_ros_driver2/_livox_ros_driver2_s.ep.rosidl_typesupport_fastrtps_c.c
[10.840s] -- Symlinking: /home/rm/livox_ros_driver2_humble/src/install/livox_ros_driver2/local/lib/python3.10/dist-packages/livox_ros_driver2/_livox_ros_driver2_s.ep.rosidl_typesupport_introspection_c.c
[10.845s] -- Symlinking: /home/rm/livox_ros_driver2_humble/src/install/livox_ros_driver2/local/lib/python3.10/dist-packages/livox_ros_driver2/liblivox_interfaces2__rosidl_generator_py.so
[10.850s] -- Symlinking: /home/rm/livox_ros_driver2_humble/src/install/livox_ros_driver2/local/lib/python3.10/dist-packages/livox_ros_driver2/livox_ros_driver2_s__rosidl_typesupport_c.cpython-310-x86_64-linux-gnu.so
[10.854s] -- Symlinking: /home/rm/livox_ros_driver2_humble/src/install/livox_ros_driver2/local/lib/python3.10/dist-packages/livox_ros_driver2/livox_ros_driver2_s__rosidl_typesupport_fastrtps_c.cpython-310-x86_64-linux-gnu.so
[10.860s] -- Symlinking: /home/rm/livox_ros_driver2_humble/src/install/livox_ros_driver2/local/lib/python3.10/dist-packages/livox_ros_driver2/livox_ros_driver2_s__rosidl_typesupport_introspection_c.cpython-310-x86_64-linux-gnu.so
[10.865s] -- Symlinking: /home/rm/livox_ros_driver2_humble/src/install/livox_ros_driver2/local/lib/python3.10/dist-packages/livox_ros_driver2/msg/__init__.py
[10.870s] -- Symlinking: /home/rm/livox_ros_driver2_humble/src/install/livox_ros_driver2/local/lib/python3.10/dist-packages/livox_ros_driver2/msg/_custom_msg.py
[10.875s] -- Symlinking: /home/rm/livox_ros_driver2_humble/src/install/livox_ros_driver2/local/lib/python3.10/dist-packages/livox_ros_driver2/msg/_custom_msg_s.c
[10.880s] -- Symlinking: /home/rm/livox_ros_driver2_humble/src/install/livox_ros_driver2/local/lib/python3.10/dist-packages/livox_ros_driver2/msg/_custom_point.py
[10.885s] -- Symlinking: /home/rm/livox_ros_driver2_humble/src/install/livox_ros_driver2/local/lib/python3.10/dist-packages/livox_ros_driver2/msg/_custom_point_s.c
[10.890s] -- Up-to-date symlink: /home/rm/livox_ros_driver2_humble/src/install/livox_ros_driver2/local/lib/python3.10/dist-packages/livox_ros_driver2/livox_ros_driver2_s__rosidl_typesupport_fastrtps_c.cpython-310-x86_64-linux-gnu.so
[10.890s] -- Up-to-date symlink: /home/rm/livox_ros_driver2_humble/src/install/livox_ros_driver2/local/lib/python3.10/dist-packages/livox_ros_driver2/livox_ros_driver2_s__rosidl_typesupport_introspection_c.cpython-310-x86_64-linux-gnu.so
[10.890s] -- Up-to-date symlink: /home/rm/livox_ros_driver2_humble/src/install/livox_ros_driver2/local/lib/python3.10/dist-packages/livox_ros_driver2/livox_ros_driver2_s__rosidl_typesupport_c.cpython-310-x86_64-linux-gnu.so
[10.890s] -- Symlinking: /home/rm/livox_ros_driver2_humble/src/install/livox_ros_driver2/share/livox_ros_driver2/msg/CustomPoint.idl
[10.895s] -- Symlinking: /home/rm/livox_ros_driver2_humble/src/install/livox_ros_driver2/share/livox_ros_driver2/msg/CustomMsg.idl
[10.900s] -- Symlinking: /home/rm/livox_ros_driver2_humble/src/install/livox_ros_driver2/share/livox_ros_driver2/msg/CustomPoint.msg
[10.905s] -- Symlinking: /home/rm/livox_ros_driver2_humble/src/install/livox_ros_driver2/share/livox_ros_driver2/msg/CustomMsg.msg
[10.910s] -- Symlinking: /home/rm/livox_ros_driver2_humble/src/install/livox_ros_driver2/lib/livox_ros_driver2/livox_ros_driver2_node
[10.915s] -- Symlinking: /home/rm/livox_ros_driver2_humble/src/install/livox_ros_driver2/lib/liblivox_ros_driver2.so
[10.920s] -- Symlinking: /home/rm/livox_ros_driver2_humble/src/install/livox_ros_driver2/share/livox_ros_driver2/config/HAP_config.json
[10.924s] -- Symlinking: /home/rm/livox_ros_driver2_humble/src/install/livox_ros_driver2/share/livox_ros_driver2/config/MID360_config.json
[10.929s] -- Symlinking: /home/rm/livox_ros_driver2_humble/src/install/livox_ros_driver2/share/livox_ros_driver2/config/display_point_cloud.rviz
[10.934s] -- Symlinking: /home/rm/livox_ros_driver2_humble/src/install/livox_ros_driver2/share/livox_ros_driver2/config/mixed_HAP_MID360_config.json
[10.939s] -- Symlinking: /home/rm/livox_ros_driver2_humble/src/install/livox_ros_driver2/share/livox_ros_driver2/launch/msg_HAP_launch.py
[10.943s] -- Symlinking: /home/rm/livox_ros_driver2_humble/src/install/livox_ros_driver2/share/livox_ros_driver2/launch/msg_MID360_launch.py
[10.948s] -- Symlinking: /home/rm/livox_ros_driver2_humble/src/install/livox_ros_driver2/share/livox_ros_driver2/launch/rviz_HAP_launch.py
[10.953s] -- Symlinking: /home/rm/livox_ros_driver2_humble/src/install/livox_ros_driver2/share/livox_ros_driver2/launch/rviz_MID360_launch.py
[10.958s] -- Symlinking: /home/rm/livox_ros_driver2_humble/src/install/livox_ros_driver2/share/livox_ros_driver2/launch/rviz_mixed.py
[10.964s] -- Symlinking: /home/rm/livox_ros_driver2_humble/src/install/livox_ros_driver2/share/ament_index/resource_index/package_run_dependencies/livox_ros_driver2
[10.969s] -- Symlinking: /home/rm/livox_ros_driver2_humble/src/install/livox_ros_driver2/share/ament_index/resource_index/parent_prefix_path/livox_ros_driver2
[10.974s] -- Symlinking: /home/rm/livox_ros_driver2_humble/src/install/livox_ros_driver2/share/livox_ros_driver2/environment/ament_prefix_path.sh
[10.978s] -- Symlinking: /home/rm/livox_ros_driver2_humble/src/install/livox_ros_driver2/share/livox_ros_driver2/environment/ament_prefix_path.dsv
[10.983s] -- Symlinking: /home/rm/livox_ros_driver2_humble/src/install/livox_ros_driver2/share/livox_ros_driver2/environment/path.sh
[10.988s] -- Symlinking: /home/rm/livox_ros_driver2_humble/src/install/livox_ros_driver2/share/livox_ros_driver2/environment/path.dsv
[10.993s] -- Symlinking: /home/rm/livox_ros_driver2_humble/src/install/livox_ros_driver2/share/livox_ros_driver2/local_setup.bash
[10.998s] -- Symlinking: /home/rm/livox_ros_driver2_humble/src/install/livox_ros_driver2/share/livox_ros_driver2/local_setup.sh
[11.003s] -- Symlinking: /home/rm/livox_ros_driver2_humble/src/install/livox_ros_driver2/share/livox_ros_driver2/local_setup.zsh
[11.008s] -- Symlinking: /home/rm/livox_ros_driver2_humble/src/install/livox_ros_driver2/share/livox_ros_driver2/local_setup.dsv
[11.013s] -- Symlinking: /home/rm/livox_ros_driver2_humble/src/install/livox_ros_driver2/share/livox_ros_driver2/package.dsv
[11.018s] -- Symlinking: /home/rm/livox_ros_driver2_humble/src/install/livox_ros_driver2/share/ament_index/resource_index/packages/livox_ros_driver2
[11.023s] -- Symlinking: /home/rm/livox_ros_driver2_humble/src/install/livox_ros_driver2/share/ament_index/resource_index/rclcpp_components/livox_ros_driver2
[11.028s] -- Symlinking: /home/rm/livox_ros_driver2_humble/src/install/livox_ros_driver2/share/livox_ros_driver2/cmake/rosidl_cmake-extras.cmake
[11.033s] -- Symlinking: /home/rm/livox_ros_driver2_humble/src/install/livox_ros_driver2/share/livox_ros_driver2/cmake/ament_cmake_export_dependencies-extras.cmake
[11.038s] -- Symlinking: /home/rm/livox_ros_driver2_humble/src/install/livox_ros_driver2/share/livox_ros_driver2/cmake/ament_cmake_export_include_directories-extras.cmake
[11.042s] -- Symlinking: /home/rm/livox_ros_driver2_humble/src/install/livox_ros_driver2/share/livox_ros_driver2/cmake/ament_cmake_export_libraries-extras.cmake
[11.047s] -- Symlinking: /home/rm/livox_ros_driver2_humble/src/install/livox_ros_driver2/share/livox_ros_driver2/cmake/ament_cmake_export_targets-extras.cmake
[11.052s] -- Symlinking: /home/rm/livox_ros_driver2_humble/src/install/livox_ros_driver2/share/livox_ros_driver2/cmake/rosidl_cmake_export_typesupport_targets-extras.cmake
[11.056s] -- Symlinking: /home/rm/livox_ros_driver2_humble/src/install/livox_ros_driver2/share/livox_ros_driver2/cmake/rosidl_cmake_export_typesupport_libraries-extras.cmake
[11.062s] -- Symlinking: /home/rm/livox_ros_driver2_humble/src/install/livox_ros_driver2/share/livox_ros_driver2/cmake/livox_ros_driver2Config.cmake
[11.067s] -- Symlinking: /home/rm/livox_ros_driver2_humble/src/install/livox_ros_driver2/share/livox_ros_driver2/cmake/livox_ros_driver2Config-version.cmake
[11.072s] -- Symlinking: /home/rm/livox_ros_driver2_humble/src/install/livox_ros_driver2/share/livox_ros_driver2/package.xml
[11.078s] -- Installing: /home/rm/livox_ros_driver2_humble/src/install/livox_ros_driver2/lib/liblivox_ros_driver2__rosidl_generator_c.so
[11.078s] -- Set runtime path of "/home/rm/livox_ros_driver2_humble/src/install/livox_ros_driver2/lib/liblivox_ros_driver2__rosidl_generator_c.so" to ""
[11.078s] -- Installing: /home/rm/livox_ros_driver2_humble/src/install/livox_ros_driver2/lib/liblivox_ros_driver2__rosidl_typesupport_fastrtps_c.so
[11.078s] -- Set runtime path of "/home/rm/livox_ros_driver2_humble/src/install/livox_ros_driver2/lib/liblivox_ros_driver2__rosidl_typesupport_fastrtps_c.so" to ""
[11.078s] -- Installing: /home/rm/livox_ros_driver2_humble/src/install/livox_ros_driver2/lib/liblivox_ros_driver2__rosidl_typesupport_introspection_c.so
[11.078s] -- Set runtime path of "/home/rm/livox_ros_driver2_humble/src/install/livox_ros_driver2/lib/liblivox_ros_driver2__rosidl_typesupport_introspection_c.so" to ""
[11.078s] -- Installing: /home/rm/livox_ros_driver2_humble/src/install/livox_ros_driver2/lib/liblivox_ros_driver2__rosidl_typesupport_c.so
[11.078s] -- Set runtime path of "/home/rm/livox_ros_driver2_humble/src/install/livox_ros_driver2/lib/liblivox_ros_driver2__rosidl_typesupport_c.so" to ""
[11.078s] -- Installing: /home/rm/livox_ros_driver2_humble/src/install/livox_ros_driver2/lib/liblivox_ros_driver2__rosidl_typesupport_fastrtps_cpp.so
[11.078s] -- Set runtime path of "/home/rm/livox_ros_driver2_humble/src/install/livox_ros_driver2/lib/liblivox_ros_driver2__rosidl_typesupport_fastrtps_cpp.so" to ""
[11.079s] -- Installing: /home/rm/livox_ros_driver2_humble/src/install/livox_ros_driver2/lib/liblivox_ros_driver2__rosidl_typesupport_introspection_cpp.so
[11.079s] -- Set runtime path of "/home/rm/livox_ros_driver2_humble/src/install/livox_ros_driver2/lib/liblivox_ros_driver2__rosidl_typesupport_introspection_cpp.so" to ""
[11.079s] -- Installing: /home/rm/livox_ros_driver2_humble/src/install/livox_ros_driver2/lib/liblivox_ros_driver2__rosidl_typesupport_cpp.so
[11.079s] -- Set runtime path of "/home/rm/livox_ros_driver2_humble/src/install/livox_ros_driver2/lib/liblivox_ros_driver2__rosidl_typesupport_cpp.so" to ""
[11.099s] Listing '/home/rm/livox_ros_driver2_humble/src/install/livox_ros_driver2/local/lib/python3.10/dist-packages/livox_ros_driver2'...
[11.099s] Compiling '/home/rm/livox_ros_driver2_humble/src/install/livox_ros_driver2/local/lib/python3.10/dist-packages/livox_ros_driver2/__init__.py'...
[11.099s] Listing '/home/rm/livox_ros_driver2_humble/src/install/livox_ros_driver2/local/lib/python3.10/dist-packages/livox_ros_driver2/msg'...
[11.099s] Compiling '/home/rm/livox_ros_driver2_humble/src/install/livox_ros_driver2/local/lib/python3.10/dist-packages/livox_ros_driver2/msg/__init__.py'...
[11.099s] Compiling '/home/rm/livox_ros_driver2_humble/src/install/livox_ros_driver2/local/lib/python3.10/dist-packages/livox_ros_driver2/msg/_custom_msg.py'...
[11.099s] Compiling '/home/rm/livox_ros_driver2_humble/src/install/livox_ros_driver2/local/lib/python3.10/dist-packages/livox_ros_driver2/msg/_custom_point.py'...
[11.102s] -- Installing: /home/rm/livox_ros_driver2_humble/src/install/livox_ros_driver2/lib/liblivox_interfaces2__rosidl_generator_py.so
[11.102s] -- Set runtime path of "/home/rm/livox_ros_driver2_humble/src/install/livox_ros_driver2/lib/liblivox_interfaces2__rosidl_generator_py.so" to ""
[11.102s] -- Installing: /home/rm/livox_ros_driver2_humble/src/install/livox_ros_driver2/share/livox_ros_driver2/cmake/export_livox_interfaces2__rosidl_generator_cExport.cmake
[11.102s] -- Installing: /home/rm/livox_ros_driver2_humble/src/install/livox_ros_driver2/share/livox_ros_driver2/cmake/export_livox_interfaces2__rosidl_generator_cExport-noconfig.cmake
[11.103s] -- Installing: /home/rm/livox_ros_driver2_humble/src/install/livox_ros_driver2/share/livox_ros_driver2/cmake/export_livox_interfaces2__rosidl_typesupport_fastrtps_cExport.cmake
[11.103s] -- Installing: /home/rm/livox_ros_driver2_humble/src/install/livox_ros_driver2/share/livox_ros_driver2/cmake/export_livox_interfaces2__rosidl_typesupport_fastrtps_cExport-noconfig.cmake
[11.103s] -- Installing: /home/rm/livox_ros_driver2_humble/src/install/livox_ros_driver2/share/livox_ros_driver2/cmake/livox_interfaces2__rosidl_typesupport_introspection_cExport.cmake
[11.103s] -- Installing: /home/rm/livox_ros_driver2_humble/src/install/livox_ros_driver2/share/livox_ros_driver2/cmake/livox_interfaces2__rosidl_typesupport_introspection_cExport-noconfig.cmake
[11.103s] -- Installing: /home/rm/livox_ros_driver2_humble/src/install/livox_ros_driver2/share/livox_ros_driver2/cmake/livox_interfaces2__rosidl_typesupport_cExport.cmake
[11.103s] -- Installing: /home/rm/livox_ros_driver2_humble/src/install/livox_ros_driver2/share/livox_ros_driver2/cmake/livox_interfaces2__rosidl_typesupport_cExport-noconfig.cmake
[11.103s] -- Installing: /home/rm/livox_ros_driver2_humble/src/install/livox_ros_driver2/share/livox_ros_driver2/cmake/export_livox_interfaces2__rosidl_generator_cppExport.cmake
[11.103s] -- Installing: /home/rm/livox_ros_driver2_humble/src/install/livox_ros_driver2/share/livox_ros_driver2/cmake/export_livox_interfaces2__rosidl_typesupport_fastrtps_cppExport.cmake
[11.103s] -- Installing: /home/rm/livox_ros_driver2_humble/src/install/livox_ros_driver2/share/livox_ros_driver2/cmake/export_livox_interfaces2__rosidl_typesupport_fastrtps_cppExport-noconfig.cmake
[11.103s] -- Installing: /home/rm/livox_ros_driver2_humble/src/install/livox_ros_driver2/share/livox_ros_driver2/cmake/livox_interfaces2__rosidl_typesupport_introspection_cppExport.cmake
[11.103s] -- Installing: /home/rm/livox_ros_driver2_humble/src/install/livox_ros_driver2/share/livox_ros_driver2/cmake/livox_interfaces2__rosidl_typesupport_introspection_cppExport-noconfig.cmake
[11.103s] -- Installing: /home/rm/livox_ros_driver2_humble/src/install/livox_ros_driver2/share/livox_ros_driver2/cmake/livox_interfaces2__rosidl_typesupport_cppExport.cmake
[11.103s] -- Installing: /home/rm/livox_ros_driver2_humble/src/install/livox_ros_driver2/share/livox_ros_driver2/cmake/livox_interfaces2__rosidl_typesupport_cppExport-noconfig.cmake
[11.103s] -- Installing: /home/rm/livox_ros_driver2_humble/src/install/livox_ros_driver2/share/livox_ros_driver2/cmake/export_livox_interfaces2__rosidl_generator_pyExport.cmake
[11.103s] -- Installing: /home/rm/livox_ros_driver2_humble/src/install/livox_ros_driver2/share/livox_ros_driver2/cmake/export_livox_interfaces2__rosidl_generator_pyExport-noconfig.cmake
[11.105s] Invoked command in '/home/rm/livox_ros_driver2_humble/src/build/livox_ros_driver2' returned '0': CMAKE_PREFIX_PATH=${CMAKE_PREFIX_PATH}:/opt/ros/humble /usr/bin/cmake --install /home/rm/livox_ros_driver2_humble/src/build/livox_ros_driver2
